[2021-09-06 14:23:21] [ERROR] Fail to import application: [django.contrib.admin],due to error: No module named 'django.contrib.admin.api_admin'
[2021-09-06 14:23:21] [ERROR] Fail to import application: [django.contrib.auth],due to error: No module named 'django.contrib.auth.api_admin'
[2021-09-06 14:23:21] [ERROR] Fail to import application: [django.contrib.contenttypes],due to error: No module named 'django.contrib.contenttypes.api_admin'
[2021-09-06 14:23:21] [ERROR] Fail to import application: [django.contrib.sessions],due to error: No module named 'django.contrib.sessions.api_admin'
[2021-09-06 14:23:21] [ERROR] Fail to import application: [django.contrib.messages],due to error: No module named 'django.contrib.messages.api_admin'
[2021-09-06 14:23:21] [ERROR] Fail to import application: [django.contrib.staticfiles],due to error: No module named 'django.contrib.staticfiles.api_admin'
[2021-09-06 14:23:21] [DEBUG] The application and model name are [('api', 'apiproject')]
[2021-09-06 14:23:21] [DEBUG] The application and model name are [('api', 'templates')]
[2021-09-06 14:23:21] [DEBUG] The application and model name are [('api', 'testsuit')]
[2021-09-06 14:23:21] [DEBUG] The application and model name are [('api', 'testcase')]
[2021-09-06 14:23:21] [DEBUG] The application and model name are [('api', 'scenario')]
[2021-09-06 14:23:21] [DEBUG] The application and model name are [('api', 'sql')]
[2021-09-06 14:23:21] [DEBUG] Success to import application :[api]
[2021-09-06 14:23:21] [ERROR] Fail to import application: [core],due to error: No module named 'core.api_admin'
[2021-09-06 14:23:21] [ERROR] Fail to import application: [public],due to error: No module named 'public.api_admin'
[2021-09-06 14:23:21] [ERROR] Fail to import application: [django.contrib.admin],due to error: No module named 'django.contrib.admin.public_admin'
[2021-09-06 14:23:21] [ERROR] Fail to import application: [django.contrib.auth],due to error: No module named 'django.contrib.auth.public_admin'
[2021-09-06 14:23:21] [ERROR] Fail to import application: [django.contrib.contenttypes],due to error: No module named 'django.contrib.contenttypes.public_admin'
[2021-09-06 14:23:21] [ERROR] Fail to import application: [django.contrib.sessions],due to error: No module named 'django.contrib.sessions.public_admin'
[2021-09-06 14:23:21] [ERROR] Fail to import application: [django.contrib.messages],due to error: No module named 'django.contrib.messages.public_admin'
[2021-09-06 14:23:21] [ERROR] Fail to import application: [django.contrib.staticfiles],due to error: No module named 'django.contrib.staticfiles.public_admin'
[2021-09-06 14:23:21] [ERROR] Fail to import application: [api],due to error: No module named 'api.public_admin'
[2021-09-06 14:23:21] [ERROR] Fail to import application: [core],due to error: No module named 'core.public_admin'
[2021-09-06 14:23:21] [DEBUG] The application and model name are [('public', 'userprofile')]
[2021-09-06 14:23:21] [DEBUG] The application and model name are [('public', 'groups')]
[2021-09-06 14:23:21] [DEBUG] The application and model name are [('public', 'role')]
[2021-09-06 14:23:21] [DEBUG] The application and model name are [('public', 'firstlayermenu')]
[2021-09-06 14:23:21] [DEBUG] The application and model name are [('public', 'submenu')]
[2021-09-06 14:23:21] [DEBUG] The application and model name are [('public', 'businessfunc')]
[2021-09-06 14:23:21] [DEBUG] The application and model name are [('public', 'retrieval')]
[2021-09-06 14:23:21] [DEBUG] The application and model name are [('public', 'resource')]
[2021-09-06 14:23:21] [DEBUG] The application and model name are [('public', 'environment')]
[2021-09-06 14:23:21] [DEBUG] The application and model name are [('public', 'dbinfo')]
[2021-09-06 14:23:21] [DEBUG] The application and model name are [('public', 'logserverinfo')]
[2021-09-06 14:23:21] [DEBUG] The application and model name are [('public', 'configurations')]
[2021-09-06 14:23:21] [DEBUG] The application and model name are [('public', 'cn_en_map')]
[2021-09-06 14:23:21] [DEBUG] The application and model name are [('public', 'steplog')]
[2021-09-06 14:23:21] [DEBUG] The application and model name are [('public', 'todolist')]
[2021-09-06 14:23:21] [DEBUG] Success to import application :[public]
[2021-09-06 14:23:21] [ERROR] Fail to import application: [django.contrib.admin],due to error: No module named 'django.contrib.admin.api_admin'
[2021-09-06 14:23:21] [ERROR] Fail to import application: [django.contrib.auth],due to error: No module named 'django.contrib.auth.api_admin'
[2021-09-06 14:23:21] [ERROR] Fail to import application: [django.contrib.contenttypes],due to error: No module named 'django.contrib.contenttypes.api_admin'
[2021-09-06 14:23:21] [ERROR] Fail to import application: [django.contrib.sessions],due to error: No module named 'django.contrib.sessions.api_admin'
[2021-09-06 14:23:21] [ERROR] Fail to import application: [django.contrib.messages],due to error: No module named 'django.contrib.messages.api_admin'
[2021-09-06 14:23:21] [ERROR] Fail to import application: [django.contrib.staticfiles],due to error: No module named 'django.contrib.staticfiles.api_admin'
[2021-09-06 14:23:21] [DEBUG] Success to import application :[api]
[2021-09-06 14:23:21] [ERROR] Fail to import application: [core],due to error: No module named 'core.api_admin'
[2021-09-06 14:23:21] [ERROR] Fail to import application: [public],due to error: No module named 'public.api_admin'
[2021-09-06 14:23:21] [ERROR] Fail to import application: [django.contrib.admin],due to error: No module named 'django.contrib.admin.web_admin'
[2021-09-06 14:23:21] [ERROR] Fail to import application: [django.contrib.auth],due to error: No module named 'django.contrib.auth.web_admin'
[2021-09-06 14:23:21] [ERROR] Fail to import application: [django.contrib.contenttypes],due to error: No module named 'django.contrib.contenttypes.web_admin'
[2021-09-06 14:23:21] [ERROR] Fail to import application: [django.contrib.sessions],due to error: No module named 'django.contrib.sessions.web_admin'
[2021-09-06 14:23:21] [ERROR] Fail to import application: [django.contrib.messages],due to error: No module named 'django.contrib.messages.web_admin'
[2021-09-06 14:23:21] [ERROR] Fail to import application: [django.contrib.staticfiles],due to error: No module named 'django.contrib.staticfiles.web_admin'
[2021-09-06 14:23:21] [ERROR] Fail to import application: [api],due to error: No module named 'api.web_admin'
[2021-09-06 14:23:21] [ERROR] Fail to import application: [core],due to error: No module named 'core.web_admin'
[2021-09-06 14:23:21] [ERROR] Fail to import application: [public],due to error: No module named 'public.web_admin'
[2021-09-06 14:23:33] [ERROR] Fail to import application: [django.contrib.admin],due to error: No module named 'django.contrib.admin.api_admin'
[2021-09-06 14:23:33] [ERROR] Fail to import application: [django.contrib.auth],due to error: No module named 'django.contrib.auth.api_admin'
[2021-09-06 14:23:33] [ERROR] Fail to import application: [django.contrib.contenttypes],due to error: No module named 'django.contrib.contenttypes.api_admin'
[2021-09-06 14:23:33] [ERROR] Fail to import application: [django.contrib.sessions],due to error: No module named 'django.contrib.sessions.api_admin'
[2021-09-06 14:23:33] [ERROR] Fail to import application: [django.contrib.messages],due to error: No module named 'django.contrib.messages.api_admin'
[2021-09-06 14:23:33] [ERROR] Fail to import application: [django.contrib.staticfiles],due to error: No module named 'django.contrib.staticfiles.api_admin'
[2021-09-06 14:23:33] [DEBUG] The application and model name are [('api', 'apiproject')]
[2021-09-06 14:23:33] [DEBUG] The application and model name are [('api', 'templates')]
[2021-09-06 14:23:33] [DEBUG] The application and model name are [('api', 'testsuit')]
[2021-09-06 14:23:33] [DEBUG] The application and model name are [('api', 'testcase')]
[2021-09-06 14:23:33] [DEBUG] The application and model name are [('api', 'scenario')]
[2021-09-06 14:23:33] [DEBUG] The application and model name are [('api', 'sql')]
[2021-09-06 14:23:33] [DEBUG] Success to import application :[api]
[2021-09-06 14:23:33] [ERROR] Fail to import application: [core],due to error: No module named 'core.api_admin'
[2021-09-06 14:23:33] [ERROR] Fail to import application: [public],due to error: No module named 'public.api_admin'
[2021-09-06 14:23:33] [ERROR] Fail to import application: [django.contrib.admin],due to error: No module named 'django.contrib.admin.public_admin'
[2021-09-06 14:23:33] [ERROR] Fail to import application: [django.contrib.auth],due to error: No module named 'django.contrib.auth.public_admin'
[2021-09-06 14:23:33] [ERROR] Fail to import application: [django.contrib.contenttypes],due to error: No module named 'django.contrib.contenttypes.public_admin'
[2021-09-06 14:23:33] [ERROR] Fail to import application: [django.contrib.sessions],due to error: No module named 'django.contrib.sessions.public_admin'
[2021-09-06 14:23:33] [ERROR] Fail to import application: [django.contrib.messages],due to error: No module named 'django.contrib.messages.public_admin'
[2021-09-06 14:23:33] [ERROR] Fail to import application: [django.contrib.staticfiles],due to error: No module named 'django.contrib.staticfiles.public_admin'
[2021-09-06 14:23:33] [ERROR] Fail to import application: [api],due to error: No module named 'api.public_admin'
[2021-09-06 14:23:33] [ERROR] Fail to import application: [core],due to error: No module named 'core.public_admin'
[2021-09-06 14:23:33] [DEBUG] The application and model name are [('public', 'userprofile')]
[2021-09-06 14:23:33] [DEBUG] The application and model name are [('public', 'groups')]
[2021-09-06 14:23:33] [DEBUG] The application and model name are [('public', 'role')]
[2021-09-06 14:23:33] [DEBUG] The application and model name are [('public', 'firstlayermenu')]
[2021-09-06 14:23:33] [DEBUG] The application and model name are [('public', 'submenu')]
[2021-09-06 14:23:33] [DEBUG] The application and model name are [('public', 'businessfunc')]
[2021-09-06 14:23:33] [DEBUG] The application and model name are [('public', 'retrieval')]
[2021-09-06 14:23:33] [DEBUG] The application and model name are [('public', 'resource')]
[2021-09-06 14:23:33] [DEBUG] The application and model name are [('public', 'environment')]
[2021-09-06 14:23:33] [DEBUG] The application and model name are [('public', 'dbinfo')]
[2021-09-06 14:23:33] [DEBUG] The application and model name are [('public', 'logserverinfo')]
[2021-09-06 14:23:33] [DEBUG] The application and model name are [('public', 'configurations')]
[2021-09-06 14:23:33] [DEBUG] The application and model name are [('public', 'cn_en_map')]
[2021-09-06 14:23:33] [DEBUG] The application and model name are [('public', 'steplog')]
[2021-09-06 14:23:33] [DEBUG] The application and model name are [('public', 'todolist')]
[2021-09-06 14:23:33] [DEBUG] Success to import application :[public]
[2021-09-06 14:23:33] [ERROR] Fail to import application: [django.contrib.admin],due to error: No module named 'django.contrib.admin.api_admin'
[2021-09-06 14:23:33] [ERROR] Fail to import application: [django.contrib.auth],due to error: No module named 'django.contrib.auth.api_admin'
[2021-09-06 14:23:33] [ERROR] Fail to import application: [django.contrib.contenttypes],due to error: No module named 'django.contrib.contenttypes.api_admin'
[2021-09-06 14:23:33] [ERROR] Fail to import application: [django.contrib.sessions],due to error: No module named 'django.contrib.sessions.api_admin'
[2021-09-06 14:23:33] [ERROR] Fail to import application: [django.contrib.messages],due to error: No module named 'django.contrib.messages.api_admin'
[2021-09-06 14:23:33] [ERROR] Fail to import application: [django.contrib.staticfiles],due to error: No module named 'django.contrib.staticfiles.api_admin'
[2021-09-06 14:23:33] [DEBUG] Success to import application :[api]
[2021-09-06 14:23:33] [ERROR] Fail to import application: [core],due to error: No module named 'core.api_admin'
[2021-09-06 14:23:33] [ERROR] Fail to import application: [public],due to error: No module named 'public.api_admin'
[2021-09-06 14:23:33] [ERROR] Fail to import application: [django.contrib.admin],due to error: No module named 'django.contrib.admin.web_admin'
[2021-09-06 14:23:33] [ERROR] Fail to import application: [django.contrib.auth],due to error: No module named 'django.contrib.auth.web_admin'
[2021-09-06 14:23:33] [ERROR] Fail to import application: [django.contrib.contenttypes],due to error: No module named 'django.contrib.contenttypes.web_admin'
[2021-09-06 14:23:33] [ERROR] Fail to import application: [django.contrib.sessions],due to error: No module named 'django.contrib.sessions.web_admin'
[2021-09-06 14:23:33] [ERROR] Fail to import application: [django.contrib.messages],due to error: No module named 'django.contrib.messages.web_admin'
[2021-09-06 14:23:33] [ERROR] Fail to import application: [django.contrib.staticfiles],due to error: No module named 'django.contrib.staticfiles.web_admin'
[2021-09-06 14:23:33] [ERROR] Fail to import application: [api],due to error: No module named 'api.web_admin'
[2021-09-06 14:23:33] [ERROR] Fail to import application: [core],due to error: No module named 'core.web_admin'
[2021-09-06 14:23:33] [ERROR] Fail to import application: [public],due to error: No module named 'public.web_admin'
[2021-09-06 14:23:48] [DEBUG] 修剪后的全部项目信息:[{'上海证券交易所': []}, {'支付宝': []}]
[2021-09-06 14:23:48] [DEBUG] 汇总后的全部项目信息为：[{'上海证券交易所': []}, {'支付宝': []}]
[2021-09-06 14:26:28] [DEBUG] {'code': '10012', 'message': '字段未填写完整', 'success': False, 'result': None}
[2021-09-06 14:26:52] [DEBUG] Start to match permission: <class 'tuple'>
[2021-09-06 14:26:52] [INFO] The user is Administrator!
[2021-09-06 14:26:52] [DEBUG] Prepare to execute: delete_selected!
[2021-09-06 14:26:52] [DEBUG] Prepare to execute: valid_selected!
[2021-09-06 14:26:52] [DEBUG] Prepare to execute: invalid_selected!
[2021-09-06 14:26:52] [DEBUG] The verbose name of this many to many field is: 角色
[2021-09-06 14:26:52] [DEBUG] The verbose name of this many to many field is: 权限组
[2021-09-06 14:26:52] [ERROR] Fail to display the field :[reset]
[2021-09-06 14:26:52] [ERROR] Fail to display the field :[reset]
[2021-09-06 14:26:52] [ERROR] Fail to display the field :[reset]
[2021-09-06 14:27:10] [DEBUG] 修剪后的全部项目信息:[{'上海证券交易所': []}, {'支付宝': []}]
[2021-09-06 14:27:10] [DEBUG] 汇总后的全部项目信息为：[{'上海证券交易所': []}, {'支付宝': []}]
[2021-09-06 14:27:11] [DEBUG] Start to match permission: <class 'tuple'>
[2021-09-06 14:27:11] [INFO] The user is Administrator!
[2021-09-06 14:27:11] [DEBUG] Prepare to execute: delete_selected!
[2021-09-06 14:27:11] [DEBUG] Prepare to execute: valid_selected!
[2021-09-06 14:27:11] [DEBUG] Prepare to execute: invalid_selected!
[2021-09-06 14:27:11] [ERROR] Fail to display the field :[execute]
[2021-09-06 14:27:11] [ERROR] Fail to display the field :[expand]
[2021-09-06 14:27:11] [ERROR] Fail to display the field :[execute]
[2021-09-06 14:27:11] [ERROR] Fail to display the field :[expand]
[2021-09-06 14:27:11] [ERROR] Fail to display the field :[execute]
[2021-09-06 14:27:11] [ERROR] Fail to display the field :[expand]
[2021-09-06 14:27:11] [ERROR] Fail to display the field :[execute]
[2021-09-06 14:27:11] [ERROR] Fail to display the field :[expand]
[2021-09-06 14:50:26] [DEBUG] Start to match permission: <class 'tuple'>
[2021-09-06 14:50:26] [INFO] The user is Administrator!
[2021-09-06 14:50:26] [DEBUG] Prepare to execute: delete_selected!
[2021-09-06 14:50:26] [DEBUG] Prepare to execute: valid_selected!
[2021-09-06 14:50:26] [DEBUG] Prepare to execute: invalid_selected!
[2021-09-06 14:50:26] [ERROR] Fail to display the field :[execute]
[2021-09-06 14:50:26] [ERROR] Fail to display the field :[expand]
[2021-09-06 14:50:26] [ERROR] Fail to display the field :[execute]
[2021-09-06 14:50:26] [ERROR] Fail to display the field :[expand]
[2021-09-06 14:50:26] [ERROR] Fail to display the field :[execute]
[2021-09-06 14:50:26] [ERROR] Fail to display the field :[expand]
[2021-09-06 14:50:26] [ERROR] Fail to display the field :[execute]
[2021-09-06 14:50:26] [ERROR] Fail to display the field :[expand]
[2021-09-06 14:51:42] [DEBUG] Start to match permission: <class 'tuple'>
[2021-09-06 14:51:42] [INFO] The user is Administrator!
[2021-09-06 14:51:48] [DEBUG] Start to match permission: <class 'tuple'>
[2021-09-06 14:51:49] [INFO] The user is Administrator!
[2021-09-06 14:51:49] [DEBUG] Prepare to execute: delete_selected!
[2021-09-06 14:51:49] [DEBUG] Prepare to execute: valid_selected!
[2021-09-06 14:51:49] [DEBUG] Prepare to execute: invalid_selected!
[2021-09-06 14:51:49] [ERROR] Fail to display the field :[execute]
[2021-09-06 14:51:49] [ERROR] Fail to display the field :[expand]
[2021-09-06 14:51:49] [ERROR] Fail to display the field :[execute]
[2021-09-06 14:51:49] [ERROR] Fail to display the field :[expand]
[2021-09-06 14:51:49] [ERROR] Fail to display the field :[execute]
[2021-09-06 14:51:49] [ERROR] Fail to display the field :[expand]
[2021-09-06 14:51:49] [ERROR] Fail to display the field :[execute]
[2021-09-06 14:51:49] [ERROR] Fail to display the field :[expand]
[2021-09-07 09:04:09] [DEBUG] Start to match permission: <class 'tuple'>
[2021-09-07 09:04:09] [INFO] The user is Administrator!
[2021-09-07 09:04:09] [DEBUG] Prepare to execute: delete_selected!
[2021-09-07 09:04:09] [DEBUG] Prepare to execute: valid_selected!
[2021-09-07 09:04:09] [DEBUG] Prepare to execute: invalid_selected!
[2021-09-07 09:04:09] [ERROR] Fail to display the field :[execute]
[2021-09-07 09:04:09] [ERROR] Fail to display the field :[expand]
[2021-09-07 09:04:09] [ERROR] Fail to display the field :[execute]
[2021-09-07 09:04:09] [ERROR] Fail to display the field :[expand]
[2021-09-07 09:04:09] [ERROR] Fail to display the field :[execute]
[2021-09-07 09:04:09] [ERROR] Fail to display the field :[expand]
[2021-09-07 09:04:09] [ERROR] Fail to display the field :[execute]
[2021-09-07 09:04:09] [ERROR] Fail to display the field :[expand]
[2021-09-07 09:04:11] [DEBUG] Start to match permission: <class 'tuple'>
[2021-09-07 09:04:11] [INFO] The user is Administrator!
[2021-09-07 09:04:11] [DEBUG] Prepare to execute: delete_selected!
[2021-09-07 09:04:11] [DEBUG] Prepare to execute: valid_selected!
[2021-09-07 09:04:11] [DEBUG] Prepare to execute: invalid_selected!
[2021-09-07 09:04:11] [ERROR] Fail to display the field :[execute]
[2021-09-07 09:04:11] [ERROR] Fail to display the field :[expand]
[2021-09-07 09:04:11] [ERROR] Fail to display the field :[execute]
[2021-09-07 09:04:11] [ERROR] Fail to display the field :[expand]
[2021-09-07 09:04:11] [ERROR] Fail to display the field :[execute]
[2021-09-07 09:04:11] [ERROR] Fail to display the field :[expand]
[2021-09-07 09:04:11] [ERROR] Fail to display the field :[execute]
[2021-09-07 09:04:11] [ERROR] Fail to display the field :[expand]
[2021-09-07 09:04:12] [DEBUG] Start to match permission: <class 'tuple'>
[2021-09-07 09:04:12] [INFO] The user is Administrator!
[2021-09-07 09:04:12] [DEBUG] Prepare to execute: delete_selected!
[2021-09-07 09:04:12] [DEBUG] Prepare to execute: valid_selected!
[2021-09-07 09:04:12] [DEBUG] Prepare to execute: invalid_selected!
[2021-09-07 09:04:12] [ERROR] Fail to display the field :[execute]
[2021-09-07 09:04:12] [ERROR] Fail to display the field :[expand]
[2021-09-07 09:04:12] [ERROR] Fail to display the field :[execute]
[2021-09-07 09:04:12] [ERROR] Fail to display the field :[expand]
[2021-09-07 09:04:12] [ERROR] Fail to display the field :[execute]
[2021-09-07 09:04:12] [ERROR] Fail to display the field :[expand]
[2021-09-07 09:04:12] [ERROR] Fail to display the field :[execute]
[2021-09-07 09:04:12] [ERROR] Fail to display the field :[expand]
[2021-09-07 09:05:30] [DEBUG] 修剪后的全部项目信息:[{'上海证券交易所': []}, {'支付宝': []}]
[2021-09-07 09:05:30] [DEBUG] 汇总后的全部项目信息为：[{'上海证券交易所': []}, {'支付宝': []}]
[2021-09-07 09:05:32] [DEBUG] Start to match permission: <class 'tuple'>
[2021-09-07 09:05:32] [INFO] The user is Administrator!
[2021-09-07 09:05:32] [DEBUG] Prepare to execute: delete_selected!
[2021-09-07 09:05:32] [DEBUG] Prepare to execute: valid_selected!
[2021-09-07 09:05:32] [DEBUG] Prepare to execute: invalid_selected!
[2021-09-07 09:05:36] [DEBUG] Start to match permission: <class 'tuple'>
[2021-09-07 09:05:36] [INFO] The user is Administrator!
[2021-09-07 09:06:59] [DEBUG] Start to match permission: <class 'tuple'>
[2021-09-07 09:06:59] [INFO] The user is Administrator!
[2021-09-07 09:06:59] [DEBUG] Prepare to execute: delete_selected!
[2021-09-07 09:06:59] [DEBUG] Prepare to execute: valid_selected!
[2021-09-07 09:06:59] [DEBUG] Prepare to execute: invalid_selected!
[2021-09-07 09:07:07] [DEBUG] 修剪后的全部项目信息:[{'上海证券交易所': []}, {'支付宝': []}]
[2021-09-07 09:07:07] [DEBUG] 汇总后的全部项目信息为：[{'上海证券交易所': []}, {'支付宝': []}]
[2021-09-07 09:07:09] [DEBUG] Start to match permission: <class 'tuple'>
[2021-09-07 09:07:09] [INFO] The user is Administrator!
[2021-09-07 09:07:09] [DEBUG] Prepare to execute: delete_selected!
[2021-09-07 09:07:09] [DEBUG] Prepare to execute: valid_selected!
[2021-09-07 09:07:09] [DEBUG] Prepare to execute: invalid_selected!
[2021-09-07 09:07:09] [DEBUG] Prepare to execute: model_actions!
[2021-09-07 09:07:11] [DEBUG] Start to match permission: <class 'tuple'>
[2021-09-07 09:07:11] [INFO] The user is Administrator!
[2021-09-07 09:07:21] [DEBUG] Start to match permission: <class 'tuple'>
[2021-09-07 09:07:21] [INFO] The user is Administrator!
[2021-09-07 09:07:21] [DEBUG] Prepare to execute: delete_selected!
[2021-09-07 09:07:21] [DEBUG] Prepare to execute: valid_selected!
[2021-09-07 09:07:21] [DEBUG] Prepare to execute: invalid_selected!
[2021-09-07 09:07:21] [DEBUG] Prepare to execute: model_actions!
[2021-09-07 09:07:36] [DEBUG] 修剪后的全部项目信息:[{'上海证券交易所': []}, {'支付宝': []}]
[2021-09-07 09:07:36] [DEBUG] 汇总后的全部项目信息为：[{'上海证券交易所': []}, {'支付宝': []}]
[2021-09-07 09:07:39] [DEBUG] Start to match permission: <class 'tuple'>
[2021-09-07 09:07:39] [INFO] The user is Administrator!
[2021-09-07 09:07:39] [DEBUG] Prepare to execute: delete_selected!
[2021-09-07 09:07:39] [DEBUG] Prepare to execute: valid_selected!
[2021-09-07 09:07:39] [DEBUG] Prepare to execute: invalid_selected!
[2021-09-07 09:07:43] [DEBUG] Start to match permission: <class 'tuple'>
[2021-09-07 09:07:43] [INFO] The user is Administrator!
[2021-09-07 09:11:19] [DEBUG] Start to match permission: <class 'tuple'>
[2021-09-07 09:11:19] [INFO] The user is Administrator!
[2021-09-07 09:11:21] [DEBUG] Start to match permission: <class 'tuple'>
[2021-09-07 09:11:21] [INFO] The user is Administrator!
[2021-09-07 09:11:21] [DEBUG] Prepare to execute: delete_selected!
[2021-09-07 09:11:21] [DEBUG] Prepare to execute: valid_selected!
[2021-09-07 09:11:21] [DEBUG] Prepare to execute: invalid_selected!
[2021-09-07 09:11:21] [ERROR] Fail to display the field :[check_template]
