[2021-10-29 15:02:32.688] [INFO] User:[root] authenticate successfully!
[2021-10-29 15:02:32.710] [INFO] User:[root] login successfully!
[2021-10-29 15:39:04.079] [INFO] User:[root] authenticate successfully!
[2021-10-29 15:39:04.085] [INFO] User:[root] login successfully!
[2021-10-29 15:39:07.229] [DEBUG] 修剪后的全部项目信息:[]
[2021-10-29 15:39:07.230] [DEBUG] 汇总后的全部项目信息为：[]
[2021-10-29 15:39:07.231] [DEBUG] []
[2021-10-29 15:39:09.619] [DEBUG] Start to match permission: <class 'tuple'>
[2021-10-29 15:39:09.624] [INFO] The user is Administrator!
[2021-10-29 15:39:09.646] [DEBUG] Prepare to execute: delete_selected!
[2021-10-29 15:39:09.646] [DEBUG] Prepare to execute: valid_selected!
[2021-10-29 15:39:09.647] [DEBUG] Prepare to execute: invalid_selected!
[2021-10-29 15:47:40.984] [DEBUG] Start to match permission: <class 'tuple'>
[2021-10-29 15:47:40.990] [INFO] The user is Administrator!
[2021-10-29 15:48:00.018] [DEBUG] Start to match permission: <class 'tuple'>
[2021-10-29 15:48:00.024] [INFO] The user is Administrator!
[2021-10-29 15:48:00.039] [DEBUG] Start to match permission: <class 'tuple'>
[2021-10-29 15:48:00.044] [INFO] The user is Administrator!
[2021-10-29 15:48:00.071] [DEBUG] Prepare to execute: delete_selected!
[2021-10-29 15:48:00.071] [DEBUG] Prepare to execute: valid_selected!
[2021-10-29 15:48:00.072] [DEBUG] Prepare to execute: invalid_selected!
[2021-10-29 15:48:00.073] [ERROR] Fail to display the field :[execute]
[2021-10-29 15:48:00.074] [ERROR] Fail to display the field :[expand]
[2021-10-29 15:49:09.588] [DEBUG] 修剪后的全部项目信息:[]
[2021-10-29 15:49:09.588] [DEBUG] 汇总后的全部项目信息为：[]
[2021-10-29 15:49:09.588] [DEBUG] []
[2021-10-29 15:49:11.915] [DEBUG] Start to match permission: <class 'tuple'>
[2021-10-29 15:49:11.920] [INFO] The user is Administrator!
[2021-10-29 15:49:11.945] [DEBUG] Prepare to execute: delete_selected!
[2021-10-29 15:49:11.945] [DEBUG] Prepare to execute: valid_selected!
[2021-10-29 15:49:11.946] [DEBUG] Prepare to execute: invalid_selected!
[2021-10-29 15:49:14.251] [DEBUG] Start to match permission: <class 'tuple'>
[2021-10-29 15:49:14.256] [INFO] The user is Administrator!
[2021-10-29 15:54:38.758] [DEBUG] Start to match permission: <class 'tuple'>
[2021-10-29 15:54:38.764] [INFO] The user is Administrator!
[2021-10-29 15:54:38.828] [DEBUG] Start to match permission: <class 'tuple'>
[2021-10-29 15:54:38.832] [INFO] The user is Administrator!
[2021-10-29 15:54:38.860] [DEBUG] Prepare to execute: delete_selected!
[2021-10-29 15:54:38.860] [DEBUG] Prepare to execute: valid_selected!
[2021-10-29 15:54:38.861] [DEBUG] Prepare to execute: invalid_selected!
[2021-10-29 15:54:38.863] [ERROR] Fail to display the field :[check_template]
[2021-10-29 15:54:47.111] [DEBUG] 修剪后的全部项目信息:[]
[2021-10-29 15:54:47.111] [DEBUG] 汇总后的全部项目信息为：[]
[2021-10-29 15:54:47.111] [DEBUG] []
[2021-10-29 15:54:48.734] [DEBUG] Start to match permission: <class 'tuple'>
[2021-10-29 15:54:48.740] [INFO] The user is Administrator!
[2021-10-29 15:54:48.771] [DEBUG] Prepare to execute: delete_selected!
[2021-10-29 15:54:48.771] [DEBUG] Prepare to execute: valid_selected!
[2021-10-29 15:54:48.771] [DEBUG] Prepare to execute: invalid_selected!
[2021-10-29 15:54:50.795] [DEBUG] Start to match permission: <class 'tuple'>
[2021-10-29 15:54:50.799] [INFO] The user is Administrator!
[2021-10-29 15:55:30.756] [DEBUG] Start to match permission: <class 'tuple'>
[2021-10-29 15:55:30.762] [INFO] The user is Administrator!
[2021-10-29 15:55:52.797] [DEBUG] Start to match permission: <class 'tuple'>
[2021-10-29 15:55:52.802] [INFO] The user is Administrator!
[2021-10-29 15:55:52.819] [DEBUG] Start to match permission: <class 'tuple'>
[2021-10-29 15:55:52.823] [INFO] The user is Administrator!
[2021-10-29 15:55:52.853] [DEBUG] Prepare to execute: delete_selected!
[2021-10-29 15:55:52.853] [DEBUG] Prepare to execute: valid_selected!
[2021-10-29 15:55:52.854] [DEBUG] Prepare to execute: invalid_selected!
[2021-10-29 15:55:52.854] [DEBUG] Prepare to execute: model_actions!
[2021-10-29 15:55:52.856] [ERROR] Fail to display the field :[execute]
[2021-10-29 15:55:52.857] [ERROR] Fail to display the field :[expand]
[2021-10-29 15:55:59.409] [DEBUG] 修剪后的全部项目信息:[{'上海证券交易所': []}]
[2021-10-29 15:55:59.411] [DEBUG] 汇总后的全部项目信息为：[{'上海证券交易所': []}]
[2021-10-29 15:55:59.411] [DEBUG] [
    {
        "上海证券交易所": []
    }
]
[2021-10-29 15:56:01.207] [DEBUG] Start to match permission: <class 'tuple'>
[2021-10-29 15:56:01.212] [INFO] The user is Administrator!
[2021-10-29 15:56:01.244] [DEBUG] Prepare to execute: delete_selected!
[2021-10-29 15:56:01.244] [DEBUG] Prepare to execute: valid_selected!
[2021-10-29 15:56:01.244] [DEBUG] Prepare to execute: invalid_selected!
[2021-10-29 15:56:03.291] [DEBUG] Start to match permission: <class 'tuple'>
[2021-10-29 15:56:03.295] [INFO] The user is Administrator!
[2021-10-29 15:56:24.821] [DEBUG] Start to match permission: <class 'tuple'>
[2021-10-29 15:56:24.827] [INFO] The user is Administrator!
[2021-10-29 15:56:24.842] [DEBUG] Start to match permission: <class 'tuple'>
[2021-10-29 15:56:24.846] [INFO] The user is Administrator!
[2021-10-29 15:56:24.883] [DEBUG] Prepare to execute: delete_selected!
[2021-10-29 15:56:24.883] [DEBUG] Prepare to execute: valid_selected!
[2021-10-29 15:56:24.883] [DEBUG] Prepare to execute: invalid_selected!
[2021-10-29 15:56:24.888] [ERROR] Fail to display the field :[expand]
[2021-10-29 15:56:33.621] [DEBUG] 修剪后的全部项目信息:[{'上海证券交易所': []}]
[2021-10-29 15:56:33.621] [DEBUG] 汇总后的全部项目信息为：[{'上海证券交易所': []}]
[2021-10-29 15:56:33.622] [DEBUG] [
    {
        "上海证券交易所": []
    }
]
[2021-10-29 15:56:35.967] [DEBUG] Start to match permission: <class 'tuple'>
[2021-10-29 15:56:35.972] [INFO] The user is Administrator!
[2021-10-29 15:56:36.007] [DEBUG] Prepare to execute: delete_selected!
[2021-10-29 15:56:36.007] [DEBUG] Prepare to execute: valid_selected!
[2021-10-29 15:56:36.007] [DEBUG] Prepare to execute: invalid_selected!
[2021-10-29 16:07:02.242] [DEBUG] 场景入库信息：{'scenario': '用户名和密码均正确', 'priority': 0, 'test_case_id': 1, 'statue': 1, 'parameter': [{'password': '124545'}, {'username': 'admin'}], 'validator': [{'code': 200}], 'create_time': datetime.time(0, 0)}
[2021-10-29 16:07:03.823] [DEBUG] Start to match permission: <class 'tuple'>
[2021-10-29 16:07:03.828] [INFO] The user is Administrator!
[2021-10-29 16:07:03.868] [DEBUG] Prepare to execute: delete_selected!
[2021-10-29 16:07:03.868] [DEBUG] Prepare to execute: valid_selected!
[2021-10-29 16:07:03.869] [DEBUG] Prepare to execute: invalid_selected!
[2021-10-29 16:07:03.871] [ERROR] Fail to display the field :[check]
[2021-10-29 16:07:08.470] [DEBUG] 修剪后的全部项目信息:[{'上海证券交易所': [{'testsuit__module': 'KMS', 'testsuit__class_title': 'KMS测试集合', 'testsuit__testcase__case': 'login', 'testsuit__testcase__case_title': 'login接口', 'testsuit__testcase__case_description': None, 'testsuit__testcase__templates__name': 'kms_login', 'testsuit__testcase__templates__url': 'http://127.0.0.1:8081/login', 'testsuit__testcase__templates__method': 1, 'testsuit__testcase__templates__header': {'Content-Type': 'application/json'}, 'testsuit__testcase__templates__data': {'password': '{{password}}', 'username': '{{username}}'}, 'testsuit__testcase__scenario__scenario': '用户名和密码均正确', 'testsuit__testcase__scenario__parameter': [{'password': '124545'}, {'username': 'admin'}], 'testsuit__testcase__scenario__validator': [{'code': 200}]}]}]
[2021-10-29 16:07:08.470] [DEBUG] 汇总后的全部项目信息为：[{'上海证券交易所': [{'KMS': [{'module': 'KMS', 'class_title': 'KMS测试集合', 'case': 'login', 'case_title': 'login接口', 'case_description': None, 'templates_name': 'kms_login', 'url': 'http://127.0.0.1:8081/login', 'method': 1, 'header': {'Content-Type': 'application/json'}, 'data': {'password': '{{password}}', 'username': '{{username}}'}, 'scenarios': [[{'password': '124545', 'username': 'admin'}, '用户名和密码均正确', {'code': 200}]]}]}]}]
[2021-10-29 16:07:08.471] [DEBUG] [
    {
        "上海证券交易所": [
            {
                "KMS": [
                    {
                        "module": "KMS",
                        "class_title": "KMS测试集合",
                        "case": "login",
                        "case_title": "login接口",
                        "case_description": null,
                        "templates_name": "kms_login",
                        "url": "http://127.0.0.1:8081/login",
                        "method": 1,
                        "header": {
                            "Content-Type": "application/json"
                        },
                        "data": {
                            "password": "{{password}}",
                            "username": "{{username}}"
                        },
                        "scenarios": [
                            [
                                {
                                    "password": "124545",
                                    "username": "admin"
                                },
                                "用户名和密码均正确",
                                {
                                    "code": 200
                                }
                            ]
                        ]
                    }
                ]
            }
        ]
    }
]
[2021-10-29 16:07:10.475] [DEBUG] Start to match permission: <class 'tuple'>
[2021-10-29 16:07:10.480] [INFO] The user is Administrator!
[2021-10-29 16:07:10.516] [DEBUG] Prepare to execute: delete_selected!
[2021-10-29 16:07:10.517] [DEBUG] Prepare to execute: valid_selected!
[2021-10-29 16:07:10.517] [DEBUG] Prepare to execute: invalid_selected!
[2021-10-29 16:07:10.517] [DEBUG] Prepare to execute: model_actions!
[2021-10-29 16:07:10.519] [ERROR] Fail to display the field :[execute]
[2021-10-29 16:07:10.520] [ERROR] Fail to display the field :[expand]
[2021-10-29 16:07:20.596] [INFO] The execution result is: [SUCCESS|C:\Users\ZWK\Desktop\FTP\20211029\20211029160720]
