[2021-09-15 08:27:31] [DEBUG] Start to match permission: <class 'tuple'>
[2021-09-15 08:27:31] [INFO] The user is Administrator!
[2021-09-15 08:27:31] [DEBUG] Prepare to execute: delete_selected!
[2021-09-15 08:27:31] [DEBUG] Prepare to execute: valid_selected!
[2021-09-15 08:27:31] [DEBUG] Prepare to execute: invalid_selected!
[2021-09-15 08:28:54] [DEBUG] Start to match permission: <class 'tuple'>
[2021-09-15 08:28:54] [INFO] The user is Administrator!
[2021-09-15 08:28:54] [DEBUG] Prepare to execute: delete_selected!
[2021-09-15 08:28:54] [DEBUG] Prepare to execute: valid_selected!
[2021-09-15 08:28:54] [DEBUG] Prepare to execute: invalid_selected!
[2021-09-15 08:30:00] [DEBUG] Start to match permission: <class 'tuple'>
[2021-09-15 08:30:00] [INFO] The user is Administrator!
[2021-09-15 08:30:01] [DEBUG] Prepare to execute: delete_selected!
[2021-09-15 08:30:01] [DEBUG] Prepare to execute: valid_selected!
[2021-09-15 08:30:01] [DEBUG] Prepare to execute: invalid_selected!
[2021-09-15 08:30:27] [DEBUG] Start to match permission: <class 'tuple'>
[2021-09-15 08:30:27] [INFO] The user is Administrator!
[2021-09-15 08:30:27] [DEBUG] Prepare to execute: delete_selected!
[2021-09-15 08:30:27] [DEBUG] Prepare to execute: valid_selected!
[2021-09-15 08:30:27] [DEBUG] Prepare to execute: invalid_selected!
[2021-09-15 08:31:37] [DEBUG] Start to match permission: <class 'tuple'>
[2021-09-15 08:31:37] [INFO] The user is Administrator!
[2021-09-15 08:31:37] [DEBUG] Prepare to execute: delete_selected!
[2021-09-15 08:31:37] [DEBUG] Prepare to execute: valid_selected!
[2021-09-15 08:31:37] [DEBUG] Prepare to execute: invalid_selected!
[2021-09-15 08:31:47] [INFO] Start to request: https://piaofang.maoyan.com/dashboard-ajax?orderType=0&uuid=179cbc33ee7c8-0d0c55fd6df147-3f356b-e1000-179cbc33ee8c8
[2021-09-15 08:31:47] [DEBUG] Request parameter are as follows:
    url:https://piaofang.maoyan.com/dashboard-ajax?orderType=0&uuid=179cbc33ee7c8-0d0c55fd6df147-3f356b-e1000-179cbc33ee8c8,
    method:GET,
    headers:None,
    data:None,
    params_type:None,
    timeout:None,
    binary:False,
    
[2021-09-15 08:31:47] [DEBUG] Response are as follows:
    {
    "content": null,
    "code": 200,
    "duration": 0.206198,
    "url": "https://piaofang.maoyan.com/dashboard-ajax?orderType=0&uuid=179cbc33ee7c8-0d0c55fd6df147-3f356b-e1000-179cbc33ee8c8",
    "method": "GET",
    "request_headers": {
        "User-Agent": "Mozilla/5.0 (Windows NT 10.0; Win64; x64) AppleWebKit/537.36 (KHTML, like Gecko) Chrome/73.0.3683.103 Safari/537.36",
        "Accept-Encoding": "gzip, deflate",
        "Accept": "*/*",
        "Connection": "keep-alive"
    },
    "request_body": null,
    "params_type": null,
    "response_headers": {
        "Server": "openresty",
        "Date": "Wed, 15 Sep 2021 00:31:47 GMT",
        "Content-Type": "application/json; charset=utf-8",
        "Transfer-Encoding": "chunked",
        "Connection": "keep-alive",
        "Content-Encoding": "gzip"
    },
    "response_body": {
        "movieList": {
            "status": true,
            "data": {
                "list": [
                    {
                        "avgSeatView": "0.1%",
                        "avgShowView": "1",
                        "boxRate": "32.8%",
                        "boxSplitUnit": {
                            "num": "&#xf816;&#xf816;.&#xee82;&#xee82;",
                            "unit": "万"
                        },
                        "movieInfo": {
                            "movieId": 1202638,
                            "movieName": "失控玩家",
                            "releaseInfo": "上映20天"
                        },
                        "showCount": 80267,
                        "showCountRate": "26.0%",
                        "splitBoxRate": "32.5%",
                        "splitBoxSplitUnit": {
                            "num": "&#xe5a2;&#xf61c;.&#xe18e;&#xece3;",
                            "unit": "万"
                        },
                        "sumBoxDesc": "5.08亿",
                        "sumSplitBoxDesc": "4.56亿"
                    },
                    {
                        "avgSeatView": "0.1%",
                        "avgShowView": "1",
                        "boxRate": "16.1%",
                        "boxSplitUnit": {
                            "num": "&#xf256;&#xe348;.&#xeece;&#xf61c;",
                            "unit": "万"
                        },
                        "movieInfo": {
                            "movieId": 1218188,
                            "movieName": "怒火·重案",
                            "releaseInfo": "上映48天"
                        },
                        "showCount": 51704,
                        "showCountRate": "16.7%",
                        "splitBoxRate": "16.1%",
                        "splitBoxSplitUnit": {
                            "num": "&#xf256;&#xe5a2;.&#xf816;&#xf816;",
                            "unit": "万"
                        },
                        "sumBoxDesc": "12.17亿",
                        "sumSplitBoxDesc": "10.96亿"
                    },
                    {
                        "avgSeatView": "0.1%",
                        "avgShowView": "1",
                        "boxRate": "9.0%",
                        "boxSplitUnit": {
                            "num": "&#xeece;&#xf816;.&#xeece;&#xe348;",
                            "unit": "万"
                        },
                        "movieInfo": {
                            "movieId": 1263235,
                            "movieName": "明日之战",
                            "releaseInfo": "上映13天"
                        },
                        "showCount": 34961,
                        "showCountRate": "11.3%",
                        "splitBoxRate": "8.8%",
                        "splitBoxSplitUnit": {
                            "num": "&#xeece;&#xee82;.&#xe5a2;&#xe18e;",
                            "unit": "万"
                        },
                        "sumBoxDesc": "9953.1万",
                        "sumSplitBoxDesc": "8839.6万"
                    },
                    {
                        "avgSeatView": "0.0%",
                        "avgShowView": "1",
                        "boxRate": "8.6%",
                        "boxSplitUnit": {
                            "num": "&#xeece;&#xe5a2;.&#xf816;&#xe43b;",
                            "unit": "万"
                        },
                        "movieInfo": {
                            "movieId": 1244856,
                            "movieName": "陪你很久很久",
                            "releaseInfo": "上映7天"
                        },
                        "showCount": 55415,
                        "showCountRate": "17.9%",
                        "splitBoxRate": "8.4%",
                        "splitBoxSplitUnit": {
                            "num": "&#xeece;&#xf256;.&#xe43b;&#xeece;",
                            "unit": "万"
                        },
                        "sumBoxDesc": "8437.4万",
                        "sumSplitBoxDesc": "7391.4万"
                    },
                    {
                        "avgSeatView": "0.0%",
                        "avgShowView": "1",
                        "boxRate": "5.1%",
                        "boxSplitUnit": {
                            "num": "&#xe43b;.&#xe18e;&#xece3;",
                            "unit": "万"
                        },
                        "movieInfo": {
                            "movieId": 1309249,
                            "movieName": "宝可梦：皮卡丘和可可的冒险",
                            "releaseInfo": "上映6天"
                        },
                        "showCount": 27822,
                        "showCountRate": "9.0%",
                        "splitBoxRate": "5.0%",
                        "splitBoxSplitUnit": {
                            "num": "&#xe348;.&#xe18e;&#xe43b;",
                            "unit": "万"
                        },
                        "sumBoxDesc": "2412.2万",
                        "sumSplitBoxDesc": "2162.7万"
                    },
                    {
                        "avgSeatView": "0.2%",
                        "avgShowView": "1",
                        "boxRate": "4.5%",
                        "boxSplitUnit": {
                            "num": "&#xe348;.&#xe18e;&#xf61c;",
                            "unit": "万"
                        },
                        "movieInfo": {
                            "movieId": 1413319,
                            "movieName": "1950他们正年轻",
                            "releaseInfo": "上映13天"
                        },
                        "showCount": 8222,
                        "showCountRate": "2.6%",
                        "splitBoxRate": "4.5%",
                        "splitBoxSplitUnit": {
                            "num": "&#xe18e;.&#xf61c;&#xe348;",
                            "unit": "万"
                        },
                        "sumBoxDesc": "480.3万",
                        "sumSplitBoxDesc": "434.7万"
                    },
                    {
                        "avgSeatView": "9.9%",
                        "avgShowView": "12",
                        "boxRate": "3.2%",
                        "boxSplitUnit": {
                            "num": "&#xf816;.&#xe5a2;&#xf816;",
                            "unit": "万"
                        },
                        "movieInfo": {
                            "movieId": 1336813,
                            "movieName": "我的父亲焦裕禄",
                            "releaseInfo": "上映41天"
                        },
                        "showCount": 99,
                        "showCountRate": "<0.1%",
                        "splitBoxRate": "3.5%",
                        "splitBoxSplitUnit": {
                            "num": "&#xf816;.&#xe5a2;&#xe5a2;",
                            "unit": "万"
                        },
                        "sumBoxDesc": "1873.0万",
                        "sumSplitBoxDesc": "1855.3万"
                    },
                    {
                        "avgSeatView": "8.1%",
                        "avgShowView": "8",
                        "boxRate": "2.9%",
                        "boxSplitUnit": {
                            "num": "&#xe5a2;.&#xe43b;&#xf61c;",
                            "unit": "万"
                        },
                        "movieInfo": {
                            "movieId": 1336183,
                            "movieName": "1921",
                            "releaseInfo": "上映77天"
                        },
                        "showCount": 188,
                        "showCountRate": "<0.1%",
                        "splitBoxRate": "3.1%",
                        "splitBoxSplitUnit": {
                            "num": "&#xe5a2;.&#xe43b;&#xf816;",
                            "unit": "万"
                        },
                        "sumBoxDesc": "5.03亿",
                        "sumSplitBoxDesc": "4.63亿"
                    },
                    {
                        "avgSeatView": "0.5%",
                        "avgShowView": "1",
                        "boxRate": "2.4%",
                        "boxSplitUnit": {
                            "num": "&#xe5a2;.&#xeece;&#xeece;",
                            "unit": "万"
                        },
                        "movieInfo": {
                            "movieId": 1337700,
                            "movieName": "中国医生",
                            "releaseInfo": "上映69天"
                        },
                        "showCount": 3057,
                        "showCountRate": "0.9%",
                        "splitBoxRate": "2.4%",
                        "splitBoxSplitUnit": {
                            "num": "&#xee82;.&#xe18e;&#xe348;",
                            "unit": "万"
                        },
                        "sumBoxDesc": "13.26亿",
                        "sumSplitBoxDesc": "12.09亿"
                    },
                    {
                        "avgSeatView": "14.0%",
                        "avgShowView": "18",
                        "boxRate": "1.8%",
                        "boxSplitUnit": {
                            "num": "&#xee82;.&#xece3;&#xe43b;",
                            "unit": "万"
                        },
                        "movieInfo": {
                            "movieId": 1413602,
                            "movieName": "三湾改编",
                            "releaseInfo": "上映59天"
                        },
                        "showCount": 62,
                        "showCountRate": "<0.1%",
                        "splitBoxRate": "1.8%",
                        "splitBoxSplitUnit": {
                            "num": "&#xf256;.&#xe348;&#xf816;",
                            "unit": "万"
                        },
                        "sumBoxDesc": "2436.7万",
                        "sumSplitBoxDesc": "2424.7万"
                    },
                    {
                        "avgSeatView": "0.1%",
                        "avgShowView": "1",
                        "boxRate": "1.7%",
                        "boxSplitUnit": {
                            "num": "&#xf256;.&#xf61c;&#xe5a2;",
                            "unit": "万"
                        },
                        "movieInfo": {
                            "movieId": 1375543,
                            "movieName": "盛夏未来",
                            "releaseInfo": "上映48天"
                        },
                        "showCount": 5211,
                        "showCountRate": "1.6%",
                        "splitBoxRate": "1.7%",
                        "splitBoxSplitUnit": {
                            "num": "&#xf256;.&#xe18e;&#xe18e;",
                            "unit": "万"
                        },
                        "sumBoxDesc": "3.85亿",
                        "sumSplitBoxDesc": "3.48亿"
                    },
                    {
                        "avgSeatView": "6.1%",
                        "avgShowView": "8",
                        "boxRate": "1.4%",
                        "boxSplitUnit": {
                            "num": "&#xf256;.&#xe5a2;&#xeece;",
                            "unit": "万"
                        },
                        "movieInfo": {
                            "movieId": 1378057,
                            "movieName": "革命者",
                            "releaseInfo": "上映77天"
                        },
                        "showCount": 86,
                        "showCountRate": "<0.1%",
                        "splitBoxRate": "1.5%",
                        "splitBoxSplitUnit": {
                            "num": "&#xf256;.&#xe5a2;&#xece3;",
                            "unit": "万"
                        },
                        "sumBoxDesc": "1.36亿",
                        "sumSplitBoxDesc": "1.25亿"
                    },
                    {
                        "avgSeatView": "0.1%",
                        "avgShowView": "1",
                        "boxRate": "1.3%",
                        "boxSplitUnit": {
                            "num": "&#xf256;.&#xf256;&#xf256;",
                            "unit": "万"
                        },
                        "movieInfo": {
                            "movieId": 1438074,
                            "movieName": "梦境人生",
                            "releaseInfo": "上映6天"
                        },
                        "showCount": 5635,
                        "showCountRate": "1.8%",
                        "splitBoxRate": "1.3%",
                        "splitBoxSplitUnit": {
                            "num": "&#xf256;.&#xece3;&#xe43b;",
                            "unit": "万"
                        },
                        "sumBoxDesc": "603.7万",
                        "sumSplitBoxDesc": "578.5万"
                    },
                    {
                        "avgSeatView": "0.0%",
                        "avgShowView": "1",
                        "boxRate": "1.2%",
                        "boxSplitUnit": {
                            "num": "&#xf256;.&#xeece;&#xe18e;",
                            "unit": "万"
                        },
                        "movieInfo": {
                            "movieId": 1298542,
                            "movieName": "白蛇2：青蛇劫起",
                            "releaseInfo": "上映55天"
                        },
                        "showCount": 7824,
                        "showCountRate": "2.5%",
                        "splitBoxRate": "1.2%",
                        "splitBoxSplitUnit": {
                            "num": "&#xeece;.&#xf61c;&#xece3;",
                            "unit": "万"
                        },
                        "sumBoxDesc": "5.78亿",
                        "sumSplitBoxDesc": "5.27亿"
                    },
                    {
                        "avgSeatView": "0.0%",
                        "avgShowView": "1",
                        "boxRate": "0.9%",
                        "boxSplitUnit": {
                            "num": "&#xeece;.&#xf816;&#xe348;",
                            "unit": "万"
                        },
                        "movieInfo": {
                            "movieId": 1288094,
                            "movieName": "妈妈的神奇小子",
                            "releaseInfo": "上映12天"
                        },
                        "showCount": 5327,
                        "showCountRate": "1.7%",
                        "splitBoxRate": "0.9%",
                        "splitBoxSplitUnit": {
                            "num": "&#xeece;.&#xe5a2;&#xe18e;",
                            "unit": "万"
                        },
                        "sumBoxDesc": "1658.8万",
                        "sumSplitBoxDesc": "1524.0万"
                    },
                    {
                        "avgSeatView": "0.1%",
                        "avgShowView": "1",
                        "boxRate": "0.8%",
                        "boxSplitUnit": {
                            "num": "&#xeece;.&#xee82;&#xe43b;",
                            "unit": "万"
                        },
                        "movieInfo": {
                            "movieId": 1342846,
                            "movieName": "夏日友晴天",
                            "releaseInfo": "上映27天"
                        },
                        "showCount": 3682,
                        "showCountRate": "1.1%",
                        "splitBoxRate": "0.8%",
                        "splitBoxSplitUnit": {
                            "num": "&#xeece;.&#xf256;&#xf816;",
                            "unit": "万"
                        },
                        "sumBoxDesc": "8781.2万",
                        "sumSplitBoxDesc": "7937.1万"
                    },
                    {
                        "avgSeatView": "0.7%",
                        "avgShowView": "1",
                        "boxRate": "0.7%",
                        "boxSplitUnit": {
                            "num": "&#xeece;.&#xf256;&#xe43b;",
                            "unit": "万"
                        },
                        "movieInfo": {
                            "movieId": 1365338,
                            "movieName": "珍珠",
                            "releaseInfo": "上映首日"
                        },
                        "showCount": 454,
                        "showCountRate": "0.1%",
                        "splitBoxRate": "0.7%",
                        "splitBoxSplitUnit": {
                            "num": "&#xeece;.&#xeece;&#xe18e;",
                            "unit": "万"
                        },
                        "sumBoxDesc": "3.3万",
                        "sumSplitBoxDesc": "3.0万"
                    }
                ],
                "nationBoxInfo": {
                    "nationBoxSplitUnit": {
                        "num": "168.4",
                        "unit": "万"
                    },
                    "nationSplitBoxSplitUnit": {
                        "num": "152.3",
                        "unit": "万"
                    },
                    "showCountDesc": "30.8万",
                    "title": "实时大盘",
                    "viewCountDesc": "4.8万"
                },
                "updateInfo": {
                    "updateGapSecond": 3,
                    "updateTimestamp": 1631665907967
                }
            }
        },
        "webList": {
            "status": true,
            "data": {
                "list": [
                    {
                        "barValue": 2738.14,
                        "currHeat": 2738.14,
                        "currHeatDesc": "2738.14",
                        "seriesInfo": {
                            "name": "一生一世",
                            "newSeries": false,
                            "platformDesc": "爱奇艺独播",
                            "platformTxt": 1,
                            "releaseInfo": "上线10天",
                            "seriesId": 1358737
                        }
                    },
                    {
                        "barValue": 2452.85473067562,
                        "currHeat": 2658.4,
                        "currHeatDesc": "2658.40",
                        "playCountSplitUnit": {
                            "num": 1629.2,
                            "unit": "万"
                        },
                        "seriesInfo": {
                            "name": "乔家的儿女",
                            "newSeries": false,
                            "platformDesc": "腾讯视频独播",
                            "platformTxt": -1,
                            "releaseInfo": "上线30天",
                            "seriesId": 1315886
                        }
                    },
                    {
                        "barValue": 2234.367166853475,
                        "currHeat": 2624.53,
                        "currHeatDesc": "2624.53",
                        "playCountSplitUnit": {
                            "num": 1462.5,
                            "unit": "万"
                        },
                        "seriesInfo": {
                            "name": "云南虫谷",
                            "newSeries": false,
                            "platformDesc": "腾讯视频独播",
                            "platformTxt": -1,
                            "releaseInfo": "上线17天",
                            "seriesId": 1327524
                        }
                    },
                    {
                        "barValue": 2043.94152926426,
                        "currHeat": 2602.04,
                        "currHeatDesc": "2602.04",
                        "seriesInfo": {
                            "name": "君九龄",
                            "newSeries": false,
                            "platformDesc": "优酷独播",
                            "platformTxt": 0,
                            "releaseInfo": "上线9天",
                            "seriesId": 1208697
                        }
                    },
                    {
                        "barValue": 1859.0163505534683,
                        "currHeat": 2564.94,
                        "currHeatDesc": "2564.94",
                        "seriesInfo": {
                            "name": "周生如故",
                            "newSeries": false,
                            "platformDesc": "爱奇艺独播",
                            "platformTxt": 1,
                            "releaseInfo": "上线29天",
                            "seriesId": 1345237
                        }
                    },
                    {
                        "barValue": 1703.9369222738237,
                        "currHeat": 2547.98,
                        "currHeatDesc": "2547.98",
                        "playCountSplitUnit": {
                            "num": 604.8,
                            "unit": "万"
                        },
                        "seriesInfo": {
                            "name": "光芒",
                            "newSeries": false,
                            "platformDesc": "多平台播放",
                            "platformTxt": -1,
                            "releaseInfo": "上线8天",
                            "seriesId": 1327244
                        }
                    },
                    {
                        "barValue": 1570.6411865379027,
                        "currHeat": 2545.47,
                        "currHeatDesc": "2545.47",
                        "seriesInfo": {
                            "name": "舍我其谁",
                            "newSeries": false,
                            "platformDesc": "优酷独播",
                            "platformTxt": 0,
                            "releaseInfo": "上线8天",
                            "seriesId": 1298270
                        }
                    },
                    {
                        "barValue": 1418.9181070969203,
                        "currHeat": 2492.28,
                        "currHeatDesc": "2492.28",
                        "playCountSplitUnit": {
                            "num": 455.5,
                            "unit": "万"
                        },
                        "seriesInfo": {
                            "name": "扫黑风暴",
                            "newSeries": false,
                            "platformDesc": "腾讯视频独播",
                            "platformTxt": -1,
                            "releaseInfo": "上线38天",
                            "seriesId": 1361963
                        }
                    },
                    {
                        "barValue": 1297.1107562048003,
                        "currHeat": 2469.25,
                        "currHeatDesc": "2469.25",
                        "seriesInfo": {
                            "name": "机智的上半场",
                            "newSeries": false,
                            "platformDesc": "优酷独播",
                            "platformTxt": 0,
                            "releaseInfo": "上线29天",
                            "seriesId": 1358462
                        }
                    },
                    {
                        "barValue": 1195.2149132657569,
                        "currHeat": 2465.94,
                        "currHeatDesc": "2465.94",
                        "playCountSplitUnit": {
                            "num": 293.8,
                            "unit": "万"
                        },
                        "seriesInfo": {
                            "name": "我的砍价女王",
                            "newSeries": false,
                            "platformDesc": "多平台播放",
                            "platformTxt": -1,
                            "releaseInfo": "上线13天",
                            "seriesId": 1337556
                        }
                    },
                    {
                        "barValue": 1093.893398864807,
                        "currHeat": 2446.02,
                        "currHeatDesc": "2446.02",
                        "seriesInfo": {
                            "name": "理想之城",
                            "newSeries": false,
                            "platformDesc": "爱奇艺独播",
                            "platformTxt": 1,
                            "releaseInfo": "上线35天",
                            "seriesId": 1327878
                        }
                    },
                    {
                        "barValue": 1005.8153259109289,
                        "currHeat": 2437.54,
                        "currHeatDesc": "2437.54",
                        "seriesInfo": {
                            "name": "玉楼春",
                            "newSeries": false,
                            "platformDesc": "优酷独播",
                            "platformTxt": 0,
                            "releaseInfo": "上线52天",
                            "seriesId": 1300260
                        }
                    },
                    {
                        "barValue": 921.9167586728353,
                        "currHeat": 2421.44,
                        "currHeatDesc": "2421.44",
                        "seriesInfo": {
                            "name": "你好检察官",
                            "newSeries": false,
                            "platformDesc": "优酷独播",
                            "platformTxt": 0,
                            "releaseInfo": "上线8天",
                            "seriesId": 1252726
                        }
                    },
                    {
                        "barValue": 839.165207833004,
                        "currHeat": 2388.79,
                        "currHeatDesc": "2388.79",
                        "playCountSplitUnit": {
                            "num": 210.4,
                            "unit": "万"
                        },
                        "seriesInfo": {
                            "name": "启航：当风起时",
                            "newSeries": false,
                            "platformDesc": "腾讯视频独播",
                            "platformTxt": -1,
                            "releaseInfo": "上线2天",
                            "seriesId": 1358910
                        }
                    },
                    {
                        "barValue": 773.124505512702,
                        "currHeat": 2385.22,
                        "currHeatDesc": "2385.22",
                        "playCountSplitUnit": {
                            "num": 131.8,
                            "unit": "万"
                        },
                        "seriesInfo": {
                            "name": "你是我的荣耀",
                            "newSeries": false,
                            "platformDesc": "腾讯视频独播",
                            "platformTxt": -1,
                            "releaseInfo": "上线52天",
                            "seriesId": 1318536
                        }
                    },
                    {
                        "barValue": 711.3912477830585,
                        "currHeat": 2378.68,
                        "currHeatDesc": "2378.68",
                        "seriesInfo": {
                            "name": "满月之下请相爱",
                            "newSeries": false,
                            "platformDesc": "爱奇艺独播",
                            "platformTxt": 1,
                            "releaseInfo": "上线21天",
                            "seriesId": 1369772
                        }
                    },
                    {
                        "barValue": 647.9541625340615,
                        "currHeat": 2348.12,
                        "currHeatDesc": "2348.12",
                        "seriesInfo": {
                            "name": "上游",
                            "newSeries": false,
                            "platformDesc": "优酷独播",
                            "platformTxt": 0,
                            "releaseInfo": "上线45天",
                            "seriesId": 1298149
                        }
                    },
                    {
                        "barValue": 594.4252904520914,
                        "currHeat": 2334.65,
                        "currHeatDesc": "2334.65",
                        "playCountSplitUnit": {
                            "num": 29.9,
                            "unit": "万"
                        },
                        "seriesInfo": {
                            "name": "千古玦尘",
                            "newSeries": false,
                            "platformDesc": "腾讯视频独播",
                            "platformTxt": -1,
                            "releaseInfo": "上线91天",
                            "seriesId": 1144555
                        }
                    },
                    {
                        "barValue": 548.150025219341,
                        "currHeat": 2333.31,
                        "currHeatDesc": "2333.31",
                        "playCountSplitUnit": {
                            "num": 13.9,
                            "unit": "万"
                        },
                        "seriesInfo": {
                            "name": "与君歌",
                            "newSeries": false,
                            "platformDesc": "芒果TV独播",
                            "platformTxt": -1,
                            "releaseInfo": "上线39天",
                            "seriesId": 1334398
                        }
                    },
                    {
                        "barValue": 500.8925976067025,
                        "currHeat": 2310.82,
                        "currHeatDesc": "2310.82",
                        "playCountSplitUnit": {
                            "num": 49.2,
                            "unit": "万"
                        },
                        "seriesInfo": {
                            "name": "一剪芳华",
                            "newSeries": false,
                            "platformDesc": "多平台播放",
                            "platformTxt": -1,
                            "releaseInfo": "上线16天",
                            "seriesId": 1316822
                        }
                    },
                    {
                        "barValue": 459.89799999999997,
                        "currHeat": 2299.49,
                        "currHeatDesc": "2299.49",
                        "playCountSplitUnit": {
                            "num": 1129.4,
                            "unit": "万"
                        },
                        "seriesInfo": {
                            "name": "百灵潭",
                            "newSeries": false,
                            "platformDesc": "芒果TV独播",
                            "platformTxt": -1,
                            "releaseInfo": "上线25天",
                            "seriesId": 1360147
                        }
                    },
                    {
                        "barValue": 422.2667293120519,
                        "currHeat": 2288.26,
                        "currHeatDesc": "2288.26",
                        "playCountSplitUnit": {
                            "num": 35.8,
                            "unit": "万"
                        },
                        "seriesInfo": {
                            "name": "暗格里的秘密",
                            "newSeries": false,
                            "platformDesc": "芒果TV独播",
                            "platformTxt": -1,
                            "releaseInfo": "上线37天",
                            "seriesId": 1333476
                        }
                    },
                    {
                        "barValue": 388.51578436174015,
                        "currHeat": 2281.79,
                        "currHeatDesc": "2281.79",
                        "playCountSplitUnit": {
                            "num": 9.9,
                            "unit": "万"
                        },
                        "seriesInfo": {
                            "name": "不说再见",
                            "newSeries": false,
                            "platformDesc": "多平台播放",
                            "platformTxt": -1,
                            "releaseInfo": "上线86天",
                            "seriesId": 1229587
                        }
                    },
                    {
                        "barValue": 357.7958121503267,
                        "currHeat": 2277.46,
                        "currHeatDesc": "2277.46",
                        "playCountSplitUnit": {
                            "num": 75.5,
                            "unit": "万"
                        },
                        "seriesInfo": {
                            "name": "天龙八部",
                            "newSeries": false,
                            "platformDesc": "腾讯视频独播",
                            "platformTxt": -1,
                            "releaseInfo": "上线33天",
                            "seriesId": 1297745
                        }
                    },
                    {
                        "barValue": 330.11539341527987,
                        "currHeat": 2277.35,
                        "currHeatDesc": "2277.35",
                        "seriesInfo": {
                            "name": "世界微尘里",
                            "newSeries": false,
                            "platformDesc": "爱奇艺独播",
                            "platformTxt": 1,
                            "releaseInfo": "上线31天",
                            "seriesId": 1346153
                        }
                    },
                    {
                        "barValue": 303.03164431640596,
                        "currHeat": 2265.69,
                        "currHeatDesc": "2265.69",
                        "playCountSplitUnit": {
                            "num": 211.4,
                            "unit": "万"
                        },
                        "seriesInfo": {
                            "name": "刘墉追案",
                            "newSeries": false,
                            "platformDesc": "多平台播放",
                            "platformTxt": -1,
                            "releaseInfo": "上线12天",
                            "seriesId": 1252308
                        }
                    },
                    {
                        "barValue": 279.41514625867825,
                        "currHeat": 2264.18,
                        "currHeatDesc": "2264.18",
                        "seriesInfo": {
                            "name": "原来我很爱你",
                            "newSeries": false,
                            "platformDesc": "爱奇艺独播",
                            "platformTxt": 1,
                            "releaseInfo": "上线44天",
                            "seriesId": 1359741
                        }
                    },
                    {
                        "barValue": 257.27014129375465,
                        "currHeat": 2259.43,
                        "currHeatDesc": "2259.43",
                        "playCountSplitUnit": {
                            "num": 208,
                            "unit": "万"
                        },
                        "seriesInfo": {
                            "name": "双探",
                            "newSeries": false,
                            "platformDesc": "腾讯视频独播",
                            "platformTxt": -1,
                            "releaseInfo": "上线7天",
                            "seriesId": 1298996
                        }
                    },
                    {
                        "barValue": 236.1416593938468,
                        "currHeat": 2247.66,
                        "currHeatDesc": "2247.66",
                        "playCountSplitUnit": {
                            "num": 37.3,
                            "unit": "万"
                        },
                        "seriesInfo": {
                            "name": "亲爱的爸妈",
                            "newSeries": false,
                            "platformDesc": "多平台播放",
                            "platformTxt": -1,
                            "releaseInfo": "上线37天",
                            "seriesId": 1337665
                        }
                    },
                    {
                        "barValue": 216.6483948478799,
                        "currHeat": 2234.92,
                        "currHeatDesc": "2234.92",
                        "playCountSplitUnit": {
                            "num": 299.5,
                            "unit": "万"
                        },
                        "seriesInfo": {
                            "name": "程序员那么可爱",
                            "newSeries": false,
                            "platformDesc": "腾讯视频独播",
                            "platformTxt": -1,
                            "releaseInfo": "上线6天",
                            "seriesId": 1337112
                        }
                    }
                ],
                "updateInfo": {
                    "updateGapSecond": 3,
                    "updateTimestamp": 1631665907962
                }
            }
        },
        "tvList": {
            "status": true,
            "data": {
                "list": [
                    {
                        "attentionRate": 0.3548,
                        "attentionRateDesc": "0.3548%",
                        "channelName": "CCTV-1",
                        "marketRate": 11.5609,
                        "marketRateDesc": "11.5609%",
                        "programmeName": "朝闻天下"
                    },
                    {
                        "attentionRate": 0.33,
                        "attentionRateDesc": "0.33%",
                        "channelName": "CCTV-4",
                        "marketRate": 10.7541,
                        "marketRateDesc": "10.7541%",
                        "programmeName": "今日环球"
                    },
                    {
                        "attentionRate": 0.2847,
                        "attentionRateDesc": "0.2847%",
                        "channelName": "CCTV-新闻",
                        "marketRate": 9.2781,
                        "marketRateDesc": "9.2781%",
                        "programmeName": "朝闻天下"
                    },
                    {
                        "attentionRate": 0.2427,
                        "attentionRateDesc": "0.2427%",
                        "channelName": "CCTV-6",
                        "marketRate": 7.9071,
                        "marketRateDesc": "7.9071%",
                        "programmeName": "策反"
                    },
                    {
                        "attentionRate": 0.1986,
                        "attentionRateDesc": "0.1986%",
                        "channelName": "CCTV-2",
                        "marketRate": 6.4717,
                        "marketRateDesc": "6.4717%",
                        "programmeName": "CCTV-2第一时间"
                    },
                    {
                        "attentionRate": 0.1534,
                        "attentionRateDesc": "0.1534%",
                        "channelName": "CCTV-8",
                        "marketRate": 4.9993,
                        "marketRateDesc": "4.9993%",
                        "programmeName": "悬崖 1"
                    },
                    {
                        "attentionRate": 0.1272,
                        "attentionRateDesc": "0.1272%",
                        "channelName": "CCTV-3",
                        "marketRate": 4.144,
                        "marketRateDesc": "4.144%",
                        "programmeName": "综艺喜乐汇"
                    },
                    {
                        "attentionRate": 0.071,
                        "attentionRateDesc": "0.071%",
                        "channelName": "北京卫视",
                        "marketRate": 2.3125,
                        "marketRateDesc": "2.3125%",
                        "programmeName": "北京您早"
                    },
                    {
                        "attentionRate": 0.055,
                        "attentionRateDesc": "0.055%",
                        "channelName": "东方卫视",
                        "marketRate": 1.7925,
                        "marketRateDesc": "1.7925%",
                        "programmeName": "看东方"
                    },
                    {
                        "attentionRate": 0.05,
                        "attentionRateDesc": "0.05%",
                        "channelName": "湖南卫视",
                        "marketRate": 1.6288,
                        "marketRateDesc": "1.6288%",
                        "programmeName": "中华文明之美"
                    },
                    {
                        "attentionRate": 0.0479,
                        "attentionRateDesc": "0.0479%",
                        "channelName": "CCTV-5",
                        "marketRate": 1.5593,
                        "marketRateDesc": "1.5593%",
                        "programmeName": "第十四届全国运动会 1"
                    },
                    {
                        "attentionRate": 0.0475,
                        "attentionRateDesc": "0.0475%",
                        "channelName": "湖南金鹰卡通频道",
                        "marketRate": 1.5462,
                        "marketRateDesc": "1.5462%",
                        "programmeName": "宾果连连看"
                    },
                    {
                        "attentionRate": 0.0453,
                        "attentionRateDesc": "0.0453%",
                        "channelName": "广东卫视",
                        "marketRate": 1.4745,
                        "marketRateDesc": "1.4745%",
                        "programmeName": "勇敢的心 62"
                    },
                    {
                        "attentionRate": 0.0385,
                        "attentionRateDesc": "0.0385%",
                        "channelName": "天津卫视",
                        "marketRate": 1.2529,
                        "marketRateDesc": "1.2529%",
                        "programmeName": "午夜蝴蝶 20"
                    },
                    {
                        "attentionRate": 0.0375,
                        "attentionRateDesc": "0.0375%",
                        "channelName": "深圳卫视",
                        "marketRate": 1.2203,
                        "marketRateDesc": "1.2203%",
                        "programmeName": "怒江之战 32"
                    },
                    {
                        "attentionRate": 0.037,
                        "attentionRateDesc": "0.037%",
                        "channelName": "CCTV-少儿",
                        "marketRate": 1.2044,
                        "marketRateDesc": "1.2044%",
                        "programmeName": "动画大放映"
                    },
                    {
                        "attentionRate": 0.0342,
                        "attentionRateDesc": "0.0342%",
                        "channelName": "CCTV-音乐",
                        "marketRate": 1.1153,
                        "marketRateDesc": "1.1153%",
                        "programmeName": "中国音乐电视"
                    },
                    {
                        "attentionRate": 0.0284,
                        "attentionRateDesc": "0.0284%",
                        "channelName": "CCTV-12",
                        "marketRate": 0.9241,
                        "marketRateDesc": "0.9241%",
                        "programmeName": "夕阳红"
                    },
                    {
                        "attentionRate": 0.0257,
                        "attentionRateDesc": "0.0257%",
                        "channelName": "江西卫视",
                        "marketRate": 0.8387,
                        "marketRateDesc": "0.8387%",
                        "programmeName": "动画片剧场"
                    },
                    {
                        "attentionRate": 0.0243,
                        "attentionRateDesc": "0.0243%",
                        "channelName": "嘉佳卡通频道",
                        "marketRate": 0.7909,
                        "marketRateDesc": "0.7909%",
                        "programmeName": "猪猪侠之竞速小英雄 二"
                    },
                    {
                        "attentionRate": 0.0241,
                        "attentionRateDesc": "0.0241%",
                        "channelName": "CCTV-7",
                        "marketRate": 0.7843,
                        "marketRateDesc": "0.7843%",
                        "programmeName": "第二战场"
                    },
                    {
                        "attentionRate": 0.0231,
                        "attentionRateDesc": "0.0231%",
                        "channelName": "东南卫视",
                        "marketRate": 0.7539,
                        "marketRateDesc": "0.7539%",
                        "programmeName": "夜间剧场"
                    },
                    {
                        "attentionRate": 0.0225,
                        "attentionRateDesc": "0.0225%",
                        "channelName": "CCTV-10",
                        "marketRate": 0.7329,
                        "marketRateDesc": "0.7329%",
                        "programmeName": "探索·发现"
                    },
                    {
                        "attentionRate": 0.0218,
                        "attentionRateDesc": "0.0218%",
                        "channelName": "江苏卫视",
                        "marketRate": 0.7119,
                        "marketRateDesc": "0.7119%",
                        "programmeName": "我爱古诗词"
                    },
                    {
                        "attentionRate": 0.0188,
                        "attentionRateDesc": "0.0188%",
                        "channelName": "湖北卫视",
                        "marketRate": 0.6141,
                        "marketRateDesc": "0.6141%",
                        "programmeName": "天生我财"
                    },
                    {
                        "attentionRate": 0.0182,
                        "attentionRateDesc": "0.0182%",
                        "channelName": "CCTV-纪录",
                        "marketRate": 0.5939,
                        "marketRateDesc": "0.5939%",
                        "programmeName": "我们的决战"
                    },
                    {
                        "attentionRate": 0.018,
                        "attentionRateDesc": "0.018%",
                        "channelName": "卡酷少儿",
                        "marketRate": 0.5873,
                        "marketRateDesc": "0.5873%",
                        "programmeName": "熊熊乐园 3"
                    },
                    {
                        "attentionRate": 0.0171,
                        "attentionRateDesc": "0.0171%",
                        "channelName": "青海卫视",
                        "marketRate": 0.5562,
                        "marketRateDesc": "0.5562%",
                        "programmeName": "济公游记 19"
                    },
                    {
                        "attentionRate": 0.0168,
                        "attentionRateDesc": "0.0168%",
                        "channelName": "浙江卫视",
                        "marketRate": 0.5475,
                        "marketRateDesc": "0.5475%",
                        "programmeName": "动画片剧场"
                    },
                    {
                        "attentionRate": 0.0166,
                        "attentionRateDesc": "0.0166%",
                        "channelName": "甘肃卫视",
                        "marketRate": 0.5396,
                        "marketRateDesc": "0.5396%",
                        "programmeName": "光影 17"
                    },
                    {
                        "attentionRate": 0.0162,
                        "attentionRateDesc": "0.0162%",
                        "channelName": "CCTV-17",
                        "marketRate": 0.5265,
                        "marketRateDesc": "0.5265%",
                        "programmeName": "三农群英汇 149"
                    },
                    {
                        "attentionRate": 0.0146,
                        "attentionRateDesc": "0.0146%",
                        "channelName": "山西卫视",
                        "marketRate": 0.4744,
                        "marketRateDesc": "0.4744%",
                        "programmeName": "铁道游击队 7"
                    },
                    {
                        "attentionRate": 0.0137,
                        "attentionRateDesc": "0.0137%",
                        "channelName": "河南卫视",
                        "marketRate": 0.4454,
                        "marketRateDesc": "0.4454%",
                        "programmeName": "梨园春天天看"
                    },
                    {
                        "attentionRate": 0.0132,
                        "attentionRateDesc": "0.0132%",
                        "channelName": "吉林卫视",
                        "marketRate": 0.4309,
                        "marketRateDesc": "0.4309%",
                        "programmeName": "田园剧场"
                    },
                    {
                        "attentionRate": 0.0119,
                        "attentionRateDesc": "0.0119%",
                        "channelName": "CCTV-5+体育赛事频道",
                        "marketRate": 0.3875,
                        "marketRateDesc": "0.3875%",
                        "programmeName": "东京奥运会"
                    },
                    {
                        "attentionRate": 0.011,
                        "attentionRateDesc": "0.011%",
                        "channelName": "广东南方卫视",
                        "marketRate": 0.3578,
                        "marketRateDesc": "0.3578%",
                        "programmeName": "今日最新闻"
                    },
                    {
                        "attentionRate": 0.0104,
                        "attentionRateDesc": "0.0104%",
                        "channelName": "安徽卫视",
                        "marketRate": 0.3382,
                        "marketRateDesc": "0.3382%",
                        "programmeName": "动画剧场"
                    },
                    {
                        "attentionRate": 0.0102,
                        "attentionRateDesc": "0.0102%",
                        "channelName": "辽宁卫视",
                        "marketRate": 0.3339,
                        "marketRateDesc": "0.3339%",
                        "programmeName": "熊猫和小鼹鼠"
                    },
                    {
                        "attentionRate": 0.01,
                        "attentionRateDesc": "0.01%",
                        "channelName": "四川卫视",
                        "marketRate": 0.3266,
                        "marketRateDesc": "0.3266%",
                        "programmeName": "三星堆·荣耀觉醒"
                    },
                    {
                        "attentionRate": 0.0099,
                        "attentionRateDesc": "0.0099%",
                        "channelName": "宁夏卫视",
                        "marketRate": 0.3216,
                        "marketRateDesc": "0.3216%",
                        "programmeName": "父母爱情 40"
                    },
                    {
                        "attentionRate": 0.0095,
                        "attentionRateDesc": "0.0095%",
                        "channelName": "陕西卫视",
                        "marketRate": 0.31,
                        "marketRateDesc": "0.31%",
                        "programmeName": "啊摇篮 5"
                    },
                    {
                        "attentionRate": 0.0085,
                        "attentionRateDesc": "0.0085%",
                        "channelName": "CCTV-11",
                        "marketRate": 0.2759,
                        "marketRateDesc": "0.2759%",
                        "programmeName": "梨园周刊"
                    },
                    {
                        "attentionRate": 0.0084,
                        "attentionRateDesc": "0.0084%",
                        "channelName": "山东卫视",
                        "marketRate": 0.2738,
                        "marketRateDesc": "0.2738%",
                        "programmeName": "早安山东"
                    },
                    {
                        "attentionRate": 0.0074,
                        "attentionRateDesc": "0.0074%",
                        "channelName": "中国教育电视台一套",
                        "marketRate": 0.2426,
                        "marketRateDesc": "0.2426%",
                        "programmeName": "新燕子李三 18"
                    },
                    {
                        "attentionRate": 0.0063,
                        "attentionRateDesc": "0.0063%",
                        "channelName": "贵州卫视",
                        "marketRate": 0.2042,
                        "marketRateDesc": "0.2042%",
                        "programmeName": "动画片"
                    },
                    {
                        "attentionRate": 0.0058,
                        "attentionRateDesc": "0.0058%",
                        "channelName": "江苏优漫卡通频道",
                        "marketRate": 0.1883,
                        "marketRateDesc": "0.1883%",
                        "programmeName": "新大头儿子和小头爸爸"
                    },
                    {
                        "attentionRate": 0.0055,
                        "attentionRateDesc": "0.0055%",
                        "channelName": "上海电视台哈哈炫动卫视",
                        "marketRate": 0.1789,
                        "marketRateDesc": "0.1789%",
                        "programmeName": "新大头儿子和小头爸爸"
                    },
                    {
                        "attentionRate": 0.005,
                        "attentionRateDesc": "0.005%",
                        "channelName": "广西卫视",
                        "marketRate": 0.163,
                        "marketRateDesc": "0.163%",
                        "programmeName": "动画片剧场"
                    },
                    {
                        "attentionRate": 0.0049,
                        "attentionRateDesc": "0.0049%",
                        "channelName": "河北卫视",
                        "marketRate": 0.1608,
                        "marketRateDesc": "0.1608%",
                        "programmeName": "动画片剧场"
                    },
                    {
                        "attentionRate": 0.0047,
                        "attentionRateDesc": "0.0047%",
                        "channelName": "重庆卫视",
                        "marketRate": 0.1528,
                        "marketRateDesc": "0.1528%",
                        "programmeName": "苍狼 12"
                    },
                    {
                        "attentionRate": 0.0046,
                        "attentionRateDesc": "0.0046%",
                        "channelName": "黑龙江卫视",
                        "marketRate": 0.1485,
                        "marketRateDesc": "0.1485%",
                        "programmeName": "中国龙动画剧场"
                    },
                    {
                        "attentionRate": 0.0046,
                        "attentionRateDesc": "0.0046%",
                        "channelName": "内蒙古卫视",
                        "marketRate": 0.1492,
                        "marketRateDesc": "0.1492%",
                        "programmeName": "动画片剧场"
                    },
                    {
                        "attentionRate": 0.0045,
                        "attentionRateDesc": "0.0045%",
                        "channelName": "海南卫视",
                        "marketRate": 0.1463,
                        "marketRateDesc": "0.1463%",
                        "programmeName": "等着我"
                    },
                    {
                        "attentionRate": 0.0041,
                        "attentionRateDesc": "0.0041%",
                        "channelName": "厦门卫视",
                        "marketRate": 0.1325,
                        "marketRateDesc": "0.1325%",
                        "programmeName": "阿U的烦恼 2"
                    },
                    {
                        "attentionRate": 0.0036,
                        "attentionRateDesc": "0.0036%",
                        "channelName": "西藏卫视",
                        "marketRate": 0.1166,
                        "marketRateDesc": "0.1166%",
                        "programmeName": "西藏新闻联播"
                    },
                    {
                        "attentionRate": 0.0029,
                        "attentionRateDesc": "0.0029%",
                        "channelName": "云南卫视",
                        "marketRate": 0.0956,
                        "marketRateDesc": "0.0956%",
                        "programmeName": "丝路传奇大海图"
                    },
                    {
                        "attentionRate": 0.0025,
                        "attentionRateDesc": "0.0025%",
                        "channelName": "新疆卫视",
                        "marketRate": 0.0804,
                        "marketRateDesc": "0.0804%",
                        "programmeName": "今日聚焦"
                    },
                    {
                        "attentionRate": 0.0012,
                        "attentionRateDesc": "0.0012%",
                        "channelName": "中国教育电视台四套",
                        "marketRate": 0.0377,
                        "marketRateDesc": "0.0377%",
                        "programmeName": "未知节目"
                    },
                    {
                        "attentionRate": 0.0012,
                        "attentionRateDesc": "0.0012%",
                        "channelName": "湖南金鹰纪实频道",
                        "marketRate": 0.0391,
                        "marketRateDesc": "0.0391%",
                        "programmeName": "历史片场"
                    },
                    {
                        "attentionRate": 0.0006,
                        "attentionRateDesc": "6.0E-4%",
                        "channelName": "家庭理财",
                        "marketRate": 0.0181,
                        "marketRateDesc": "0.0181%",
                        "programmeName": "一起读研报"
                    }
                ],
                "updateInfo": {
                    "updateGapSecond": 3,
                    "updateTimestamp": 1631665907953
                }
            }
        },
        "calendar": {
            "today": "2021-09-15",
            "selectMinDate": "2020-09-15",
            "selectMaxDate": "2021-11-14",
            "defaultSelect": "2021-09-15",
            "serverTimestamp": "2021-09-15T00:31:47.951Z",
            "selectDate": "2021-09-15"
        },
        "fontStyle": "@font-face{font-family: \"mtsi-font\";src:url(\"//s3plus.meituan.net/v1/mss_73a511b8f91f43d0bdae92584ea6330b/font/d047ff06.eot\");src:url(\"//s3plus.meituan.net/v1/mss_73a511b8f91f43d0bdae92584ea6330b/font/d047ff06.eot?#iefix\") format(\"embedded-opentype\"),url(\"//s3plus.meituan.net/v1/mss_73a511b8f91f43d0bdae92584ea6330b/font/d047ff06.woff\");}",
        "status": true
    }
}
    
[2021-09-15 08:35:27] [DEBUG] Start to match permission: <class 'tuple'>
[2021-09-15 08:35:27] [INFO] The user is Administrator!
[2021-09-15 08:35:27] [DEBUG] Prepare to execute: delete_selected!
[2021-09-15 08:35:27] [DEBUG] Prepare to execute: valid_selected!
[2021-09-15 08:35:27] [DEBUG] Prepare to execute: invalid_selected!
[2021-09-15 08:35:28] [DEBUG] Start to match permission: <class 'tuple'>
[2021-09-15 08:35:29] [INFO] The user is Administrator!
[2021-09-15 08:36:23] [DEBUG] Start to match permission: <class 'tuple'>
[2021-09-15 08:36:23] [INFO] The user is Administrator!
[2021-09-15 08:36:25] [DEBUG] Start to match permission: <class 'tuple'>
[2021-09-15 08:36:25] [INFO] The user is Administrator!
[2021-09-15 08:36:26] [DEBUG] Prepare to execute: delete_selected!
[2021-09-15 08:36:26] [DEBUG] Prepare to execute: valid_selected!
[2021-09-15 08:36:26] [DEBUG] Prepare to execute: invalid_selected!
[2021-09-15 08:54:43] [DEBUG] Start to match permission: <class 'tuple'>
[2021-09-15 08:54:43] [INFO] The user is Administrator!
[2021-09-15 08:54:43] [DEBUG] Prepare to execute: delete_selected!
[2021-09-15 08:54:43] [DEBUG] Prepare to execute: valid_selected!
[2021-09-15 08:54:43] [DEBUG] Prepare to execute: invalid_selected!
[2021-09-15 09:08:10] [DEBUG] Start to match permission: <class 'tuple'>
[2021-09-15 09:08:10] [INFO] The user is Administrator!
[2021-09-15 09:08:10] [DEBUG] Prepare to execute: delete_selected!
[2021-09-15 09:08:10] [DEBUG] Prepare to execute: valid_selected!
[2021-09-15 09:08:10] [DEBUG] Prepare to execute: invalid_selected!
[2021-09-15 09:13:45] [DEBUG] Start to match permission: <class 'tuple'>
[2021-09-15 09:13:45] [INFO] The user is Administrator!
[2021-09-15 09:13:45] [DEBUG] Prepare to execute: delete_selected!
[2021-09-15 09:13:45] [DEBUG] Prepare to execute: valid_selected!
[2021-09-15 09:13:45] [DEBUG] Prepare to execute: invalid_selected!
[2021-09-15 09:26:39] [DEBUG] Start to match permission: <class 'tuple'>
[2021-09-15 09:26:39] [INFO] The user is Administrator!
[2021-09-15 09:26:39] [DEBUG] Prepare to execute: delete_selected!
[2021-09-15 09:26:39] [DEBUG] Prepare to execute: valid_selected!
[2021-09-15 09:26:39] [DEBUG] Prepare to execute: invalid_selected!
[2021-09-15 09:27:28] [DEBUG] Start to match permission: <class 'tuple'>
[2021-09-15 09:27:28] [INFO] The user is Administrator!
[2021-09-15 09:27:28] [DEBUG] Prepare to execute: delete_selected!
[2021-09-15 09:27:28] [DEBUG] Prepare to execute: valid_selected!
[2021-09-15 09:27:28] [DEBUG] Prepare to execute: invalid_selected!
[2021-09-15 09:27:49] [DEBUG] Start to match permission: <class 'tuple'>
[2021-09-15 09:27:49] [INFO] The user is Administrator!
[2021-09-15 09:27:49] [DEBUG] Prepare to execute: delete_selected!
[2021-09-15 09:27:49] [DEBUG] Prepare to execute: valid_selected!
[2021-09-15 09:27:49] [DEBUG] Prepare to execute: invalid_selected!
[2021-09-15 09:34:50] [DEBUG] Start to match permission: <class 'tuple'>
[2021-09-15 09:34:50] [DEBUG] The user has not login!
[2021-09-15 09:34:53] [INFO] User:[root] authenticate successfully!
[2021-09-15 09:34:54] [INFO] User:[root] login successfully!
[2021-09-15 10:03:30] [DEBUG] {
    "code": "10012",
    "message": "数据格式错误，需为json格式体",
    "success": false,
    "result": null
}
[2021-09-15 10:04:01] [DEBUG] Prepare to compare 2 sets of data: [{'name': 1122}, {'name': 1122}]
[2021-09-15 10:04:01] [DEBUG] The count of public keys is [1] and content is : ['name']
[2021-09-15 10:04:01] [DEBUG] {
    "code": "10010",
    "message": "响应成功",
    "success": true,
    "result": {
        "data": "\\static\\compare\\两组数据对比结果.html"
    }
}
[2021-09-15 10:04:11] [DEBUG] Prepare to compare 2 sets of data: [{'name': 1122}, {'name': 19122}]
[2021-09-15 10:04:11] [DEBUG] The count of public keys is [1] and content is : ['name']
[2021-09-15 10:04:11] [DEBUG] Fail to get expected result in position 2
[2021-09-15 10:04:11] [DEBUG] {
    "code": "10010",
    "message": "响应成功",
    "success": true,
    "result": {
        "data": "\\static\\compare\\两组数据对比结果.html"
    }
}
[2021-09-15 11:24:41] [DEBUG] Start to match permission: <class 'tuple'>
[2021-09-15 11:24:41] [INFO] The user is Administrator!
[2021-09-15 11:24:41] [DEBUG] Prepare to execute: delete_selected!
[2021-09-15 11:24:41] [DEBUG] Prepare to execute: valid_selected!
[2021-09-15 11:24:41] [DEBUG] Prepare to execute: invalid_selected!
[2021-09-15 11:24:43] [DEBUG] Start to match permission: <class 'tuple'>
[2021-09-15 11:24:43] [INFO] The user is Administrator!
[2021-09-15 11:26:29] [DEBUG] Start to match permission: <class 'tuple'>
[2021-09-15 11:26:29] [INFO] The user is Administrator!
[2021-09-15 11:26:31] [DEBUG] Start to match permission: <class 'tuple'>
[2021-09-15 11:26:31] [INFO] The user is Administrator!
[2021-09-15 11:26:31] [DEBUG] Prepare to execute: delete_selected!
[2021-09-15 11:26:31] [DEBUG] Prepare to execute: valid_selected!
[2021-09-15 11:26:31] [DEBUG] Prepare to execute: invalid_selected!
[2021-09-15 11:27:40] [DEBUG] Start to match permission: <class 'tuple'>
[2021-09-15 11:27:40] [INFO] The user is Administrator!
[2021-09-15 11:27:40] [DEBUG] Prepare to execute: delete_selected!
[2021-09-15 11:27:40] [DEBUG] Prepare to execute: valid_selected!
[2021-09-15 11:27:40] [DEBUG] Prepare to execute: invalid_selected!
[2021-09-15 11:27:40] [DEBUG] Start to match permission: <class 'tuple'>
[2021-09-15 11:27:41] [INFO] The user is Administrator!
[2021-09-15 11:27:41] [DEBUG] Prepare to execute: delete_selected!
[2021-09-15 11:27:41] [DEBUG] Prepare to execute: valid_selected!
[2021-09-15 11:27:41] [DEBUG] Prepare to execute: invalid_selected!
[2021-09-15 11:28:58] [DEBUG] Start to match permission: <class 'tuple'>
[2021-09-15 11:28:58] [INFO] The user is Administrator!
[2021-09-15 11:28:58] [DEBUG] Prepare to execute: delete_selected!
[2021-09-15 11:28:58] [DEBUG] Prepare to execute: valid_selected!
[2021-09-15 11:28:58] [DEBUG] Prepare to execute: invalid_selected!
[2021-09-15 11:28:58] [DEBUG] Start to match permission: <class 'tuple'>
[2021-09-15 11:28:58] [INFO] The user is Administrator!
[2021-09-15 11:28:58] [DEBUG] Prepare to execute: delete_selected!
[2021-09-15 11:28:58] [DEBUG] Prepare to execute: valid_selected!
[2021-09-15 11:28:58] [DEBUG] Prepare to execute: invalid_selected!
[2021-09-15 11:29:59] [DEBUG] Start to match permission: <class 'tuple'>
[2021-09-15 11:29:59] [INFO] The user is Administrator!
[2021-09-15 11:29:59] [DEBUG] Prepare to execute: delete_selected!
[2021-09-15 11:29:59] [DEBUG] Prepare to execute: valid_selected!
[2021-09-15 11:29:59] [DEBUG] Prepare to execute: invalid_selected!
[2021-09-15 11:30:24] [DEBUG] Start to match permission: <class 'tuple'>
[2021-09-15 11:30:24] [INFO] The user is Administrator!
[2021-09-15 11:30:24] [DEBUG] Prepare to execute: delete_selected!
[2021-09-15 11:30:24] [DEBUG] Prepare to execute: valid_selected!
[2021-09-15 11:30:24] [DEBUG] Prepare to execute: invalid_selected!
[2021-09-15 11:30:25] [DEBUG] Start to match permission: <class 'tuple'>
[2021-09-15 11:30:25] [INFO] The user is Administrator!
[2021-09-15 11:30:25] [DEBUG] Prepare to execute: delete_selected!
[2021-09-15 11:30:25] [DEBUG] Prepare to execute: valid_selected!
[2021-09-15 11:30:25] [DEBUG] Prepare to execute: invalid_selected!
[2021-09-15 11:30:33] [DEBUG] Start to match permission: <class 'tuple'>
[2021-09-15 11:30:33] [INFO] The user is Administrator!
[2021-09-15 11:30:33] [DEBUG] Prepare to execute: delete_selected!
[2021-09-15 11:30:33] [DEBUG] Prepare to execute: valid_selected!
[2021-09-15 11:30:33] [DEBUG] Prepare to execute: invalid_selected!
[2021-09-15 11:30:53] [DEBUG] Start to match permission: <class 'tuple'>
[2021-09-15 11:30:53] [INFO] The user is Administrator!
[2021-09-15 11:30:54] [DEBUG] Prepare to execute: delete_selected!
[2021-09-15 11:30:54] [DEBUG] Prepare to execute: valid_selected!
[2021-09-15 11:30:54] [DEBUG] Prepare to execute: invalid_selected!
[2021-09-15 11:30:54] [DEBUG] Start to match permission: <class 'tuple'>
[2021-09-15 11:30:54] [INFO] The user is Administrator!
[2021-09-15 11:30:54] [DEBUG] Prepare to execute: delete_selected!
[2021-09-15 11:30:54] [DEBUG] Prepare to execute: valid_selected!
[2021-09-15 11:30:54] [DEBUG] Prepare to execute: invalid_selected!
[2021-09-15 11:31:11] [DEBUG] Start to match permission: <class 'tuple'>
[2021-09-15 11:31:11] [INFO] The user is Administrator!
[2021-09-15 11:31:11] [DEBUG] Prepare to execute: delete_selected!
[2021-09-15 11:31:11] [DEBUG] Prepare to execute: valid_selected!
[2021-09-15 11:31:11] [DEBUG] Prepare to execute: invalid_selected!
[2021-09-15 11:31:11] [DEBUG] Start to match permission: <class 'tuple'>
[2021-09-15 11:31:11] [INFO] The user is Administrator!
[2021-09-15 11:31:11] [DEBUG] Prepare to execute: delete_selected!
[2021-09-15 11:31:11] [DEBUG] Prepare to execute: valid_selected!
[2021-09-15 11:31:11] [DEBUG] Prepare to execute: invalid_selected!
[2021-09-15 11:31:56] [DEBUG] Start to match permission: <class 'tuple'>
[2021-09-15 11:31:56] [INFO] The user is Administrator!
[2021-09-15 11:31:56] [DEBUG] Prepare to execute: delete_selected!
[2021-09-15 11:31:56] [DEBUG] Prepare to execute: valid_selected!
[2021-09-15 11:31:56] [DEBUG] Prepare to execute: invalid_selected!
[2021-09-15 16:14:52] [DEBUG] Start to match permission: <class 'tuple'>
[2021-09-15 16:14:52] [INFO] The user is Administrator!
[2021-09-15 16:14:52] [DEBUG] Prepare to execute: delete_selected!
[2021-09-15 16:14:52] [DEBUG] Prepare to execute: valid_selected!
[2021-09-15 16:14:52] [DEBUG] Prepare to execute: invalid_selected!
[2021-09-16 13:54:17] [DEBUG] Start to match permission: <class 'tuple'>
[2021-09-16 13:54:17] [INFO] The user is Administrator!
[2021-09-16 13:54:17] [DEBUG] Prepare to execute: delete_selected!
[2021-09-16 13:54:17] [DEBUG] Prepare to execute: valid_selected!
[2021-09-16 13:54:17] [DEBUG] Prepare to execute: invalid_selected!
[2021-09-16 13:54:43] [DEBUG] Start to match permission: <class 'tuple'>
[2021-09-16 13:54:43] [INFO] The user is Administrator!
[2021-09-16 13:54:43] [DEBUG] Prepare to execute: delete_selected!
[2021-09-16 13:54:43] [DEBUG] Prepare to execute: valid_selected!
[2021-09-16 13:54:43] [DEBUG] Prepare to execute: invalid_selected!
[2021-09-16 13:54:57] [DEBUG] Start to match permission: <class 'tuple'>
[2021-09-16 13:54:57] [INFO] The user is Administrator!
[2021-09-16 13:54:57] [DEBUG] Prepare to execute: delete_selected!
[2021-09-16 13:54:57] [DEBUG] Prepare to execute: valid_selected!
[2021-09-16 13:54:57] [DEBUG] Prepare to execute: invalid_selected!
