[2021-10-28 10:01:20.829] [DEBUG] 修剪后的全部项目信息:[{'上海证券交易所': [{'testsuit__module': 'KMS', 'testsuit__class_title': '秘钥管理系统', 'testsuit__testcase__case': 'kms_user_login', 'testsuit__testcase__case_title': 'KMS用户登录', 'testsuit__testcase__case_description': 'KMS用户登录接口，涵盖用户名和用户密码', 'testsuit__testcase__templates__name': 'kms_login_api', 'testsuit__testcase__templates__url': 'http://127.0.1.1:8080/login', 'testsuit__testcase__templates__method': 1, 'testsuit__testcase__templates__header': {'Content-Type': 'application/json'}, 'testsuit__testcase__templates__data': {'check': 1, 'password': '{{password}}', 'username': '{{username}}'}, 'testsuit__testcase__scenario__scenario': '用户名正确密码错误', 'testsuit__testcase__scenario__parameter': [{'password': 'dsaddddddddd'}, {'username': 'admin'}], 'testsuit__testcase__scenario__validator': [{'code': 200}, {'result': False}, {'message': ' 密码错误'}]}, {'testsuit__module': 'KMS', 'testsuit__class_title': '秘钥管理系统', 'testsuit__testcase__case': 'kms_user_login', 'testsuit__testcase__case_title': 'KMS用户登录', 'testsuit__testcase__case_description': 'KMS用户登录接口，涵盖用户名和用户密码', 'testsuit__testcase__templates__name': 'kms_login_api', 'testsuit__testcase__templates__url': 'http://127.0.1.1:8080/login', 'testsuit__testcase__templates__method': 1, 'testsuit__testcase__templates__header': {'Content-Type': 'application/json'}, 'testsuit__testcase__templates__data': {'check': 1, 'password': '{{password}}', 'username': '{{username}}'}, 'testsuit__testcase__scenario__scenario': '用户名和密码均正确', 'testsuit__testcase__scenario__parameter': [{'password': ' sdad@1332'}, {'username': 'admin'}], 'testsuit__testcase__scenario__validator': [{'code': 200}]}]}]
[2021-10-28 10:01:20.862] [DEBUG] 汇总后的全部项目信息为：[{'上海证券交易所': [{'KMS': [{'module': 'KMS', 'class_title': '秘钥管理系统', 'case': 'kms_user_login', 'case_title': 'KMS用户登录', 'case_description': 'KMS用户登录接口，涵盖用户名和用户密码', 'templates_name': 'kms_login_api', 'url': 'http://127.0.1.1:8080/login', 'method': 1, 'header': {'Content-Type': 'application/json'}, 'data': {'check': 1, 'password': '{{password}}', 'username': '{{username}}'}, 'scenarios': [[{'password': 'dsaddddddddd', 'username': 'admin'}, '用户名正确密码错误', {'code': 200, 'result': False, 'message': ' 密码错误'}], [{'password': ' sdad@1332', 'username': 'admin'}, '用户名和密码均正确', {'code': 200}]]}]}]}]
[2021-10-28 10:01:20.863] [DEBUG] [
    {
        "上海证券交易所": [
            {
                "KMS": [
                    {
                        "module": "KMS",
                        "class_title": "秘钥管理系统",
                        "case": "kms_user_login",
                        "case_title": "KMS用户登录",
                        "case_description": "KMS用户登录接口，涵盖用户名和用户密码",
                        "templates_name": "kms_login_api",
                        "url": "http://127.0.1.1:8080/login",
                        "method": 1,
                        "header": {
                            "Content-Type": "application/json"
                        },
                        "data": {
                            "check": 1,
                            "password": "{{password}}",
                            "username": "{{username}}"
                        },
                        "scenarios": [
                            [
                                {
                                    "password": "dsaddddddddd",
                                    "username": "admin"
                                },
                                "用户名正确密码错误",
                                {
                                    "code": 200,
                                    "result": false,
                                    "message": " 密码错误"
                                }
                            ],
                            [
                                {
                                    "password": " sdad@1332",
                                    "username": "admin"
                                },
                                "用户名和密码均正确",
                                {
                                    "code": 200
                                }
                            ]
                        ]
                    }
                ]
            }
        ]
    }
]
[2021-10-28 10:01:57.511] [DEBUG] Start to match permission: <class 'tuple'>
[2021-10-28 10:01:57.532] [INFO] The user is Administrator!
[2021-10-28 10:01:57.635] [DEBUG] Prepare to execute: delete_selected!
[2021-10-28 10:01:57.636] [DEBUG] Prepare to execute: valid_selected!
[2021-10-28 10:01:57.636] [DEBUG] Prepare to execute: invalid_selected!
[2021-10-28 10:01:59.445] [ERROR] Fail to display the field :[execute]
[2021-10-28 10:01:59.446] [ERROR] Fail to display the field :[expand]
[2021-10-28 10:01:59.463] [ERROR] Fail to display the field :[execute]
[2021-10-28 10:01:59.465] [ERROR] Fail to display the field :[expand]
[2021-10-28 10:06:49.977] [DEBUG] 修剪后的全部项目信息:[{'上海证券交易所': [{'testsuit__module': 'KMS', 'testsuit__class_title': '秘钥管理系统', 'testsuit__testcase__case': 'kms_user_login', 'testsuit__testcase__case_title': 'KMS用户登录', 'testsuit__testcase__case_description': 'KMS用户登录接口，涵盖用户名和用户密码', 'testsuit__testcase__templates__name': 'kms_login_api', 'testsuit__testcase__templates__url': 'http://127.0.1.1:8080/login', 'testsuit__testcase__templates__method': 1, 'testsuit__testcase__templates__header': {'Content-Type': 'application/json'}, 'testsuit__testcase__templates__data': {'check': 1, 'password': '{{password}}', 'username': '{{username}}'}, 'testsuit__testcase__scenario__scenario': '用户名正确密码错误', 'testsuit__testcase__scenario__parameter': [{'password': 'dsaddddddddd'}, {'username': 'admin'}], 'testsuit__testcase__scenario__validator': [{'code': 200}, {'result': False}, {'message': ' 密码错误'}]}, {'testsuit__module': 'KMS', 'testsuit__class_title': '秘钥管理系统', 'testsuit__testcase__case': 'kms_user_login', 'testsuit__testcase__case_title': 'KMS用户登录', 'testsuit__testcase__case_description': 'KMS用户登录接口，涵盖用户名和用户密码', 'testsuit__testcase__templates__name': 'kms_login_api', 'testsuit__testcase__templates__url': 'http://127.0.1.1:8080/login', 'testsuit__testcase__templates__method': 1, 'testsuit__testcase__templates__header': {'Content-Type': 'application/json'}, 'testsuit__testcase__templates__data': {'check': 1, 'password': '{{password}}', 'username': '{{username}}'}, 'testsuit__testcase__scenario__scenario': '用户名和密码均正确', 'testsuit__testcase__scenario__parameter': [{'password': ' sdad@1332'}, {'username': 'admin'}], 'testsuit__testcase__scenario__validator': [{'code': 200}]}]}]
[2021-10-28 10:06:49.979] [DEBUG] 汇总后的全部项目信息为：[{'上海证券交易所': [{'KMS': [{'module': 'KMS', 'class_title': '秘钥管理系统', 'case': 'kms_user_login', 'case_title': 'KMS用户登录', 'case_description': 'KMS用户登录接口，涵盖用户名和用户密码', 'templates_name': 'kms_login_api', 'url': 'http://127.0.1.1:8080/login', 'method': 1, 'header': {'Content-Type': 'application/json'}, 'data': {'check': 1, 'password': '{{password}}', 'username': '{{username}}'}, 'scenarios': [[{'password': 'dsaddddddddd', 'username': 'admin'}, '用户名正确密码错误', {'code': 200, 'result': False, 'message': ' 密码错误'}], [{'password': ' sdad@1332', 'username': 'admin'}, '用户名和密码均正确', {'code': 200}]]}]}]}]
[2021-10-28 10:06:49.979] [DEBUG] [
    {
        "上海证券交易所": [
            {
                "KMS": [
                    {
                        "module": "KMS",
                        "class_title": "秘钥管理系统",
                        "case": "kms_user_login",
                        "case_title": "KMS用户登录",
                        "case_description": "KMS用户登录接口，涵盖用户名和用户密码",
                        "templates_name": "kms_login_api",
                        "url": "http://127.0.1.1:8080/login",
                        "method": 1,
                        "header": {
                            "Content-Type": "application/json"
                        },
                        "data": {
                            "check": 1,
                            "password": "{{password}}",
                            "username": "{{username}}"
                        },
                        "scenarios": [
                            [
                                {
                                    "password": "dsaddddddddd",
                                    "username": "admin"
                                },
                                "用户名正确密码错误",
                                {
                                    "code": 200,
                                    "result": false,
                                    "message": " 密码错误"
                                }
                            ],
                            [
                                {
                                    "password": " sdad@1332",
                                    "username": "admin"
                                },
                                "用户名和密码均正确",
                                {
                                    "code": 200
                                }
                            ]
                        ]
                    }
                ]
            }
        ]
    }
]
[2021-10-28 10:06:55.097] [DEBUG] Start to match permission: <class 'tuple'>
[2021-10-28 10:06:55.124] [INFO] The user is Administrator!
[2021-10-28 10:06:55.217] [DEBUG] Prepare to execute: delete_selected!
[2021-10-28 10:06:55.218] [DEBUG] Prepare to execute: valid_selected!
[2021-10-28 10:06:55.219] [DEBUG] Prepare to execute: invalid_selected!
[2021-10-28 10:06:55.219] [DEBUG] Prepare to execute: model_actions!
[2021-10-28 10:06:55.220] [ERROR] Fail to display the field :[execute]
[2021-10-28 10:06:55.221] [ERROR] Fail to display the field :[expand]
[2021-10-28 10:07:38.671] [INFO] The execution result is: [SUCCESS]
[2021-10-28 11:14:53.927] [INFO] The execution result is: [SUCCESS]
[2021-10-28 11:27:04.699] [INFO] The execution result is: [SUCCESS]
[2021-10-28 11:29:41.921] [INFO] The execution result is: [SUCCESS]
[2021-10-28 11:57:36.442] [INFO] The execution result is: [SUCCESS]
[2021-10-28 11:58:29.279] [INFO] The execution result is: [SUCCESS]
[2021-10-28 12:01:14.243] [INFO] The execution result is: [SUCCESS]
[2021-10-28 12:10:18.780] [DEBUG] 修剪后的全部项目信息:[{'上海证券交易所': [{'testsuit__module': 'KMS', 'testsuit__class_title': '秘钥管理系统', 'testsuit__testcase__case': 'kms_user_login', 'testsuit__testcase__case_title': 'KMS用户登录', 'testsuit__testcase__case_description': 'KMS用户登录接口，涵盖用户名和用户密码', 'testsuit__testcase__templates__name': 'kms_login_api', 'testsuit__testcase__templates__url': 'http://127.0.1.1:8080/login', 'testsuit__testcase__templates__method': 1, 'testsuit__testcase__templates__header': {'Content-Type': 'application/json'}, 'testsuit__testcase__templates__data': {'check': 1, 'password': '{{password}}', 'username': '{{username}}'}, 'testsuit__testcase__scenario__scenario': '用户名正确密码错误', 'testsuit__testcase__scenario__parameter': [{'password': 'dsaddddddddd'}, {'username': 'admin'}], 'testsuit__testcase__scenario__validator': [{'code': 200}, {'result': False}, {'message': ' 密码错误'}]}, {'testsuit__module': 'KMS', 'testsuit__class_title': '秘钥管理系统', 'testsuit__testcase__case': 'kms_user_login', 'testsuit__testcase__case_title': 'KMS用户登录', 'testsuit__testcase__case_description': 'KMS用户登录接口，涵盖用户名和用户密码', 'testsuit__testcase__templates__name': 'kms_login_api', 'testsuit__testcase__templates__url': 'http://127.0.1.1:8080/login', 'testsuit__testcase__templates__method': 1, 'testsuit__testcase__templates__header': {'Content-Type': 'application/json'}, 'testsuit__testcase__templates__data': {'check': 1, 'password': '{{password}}', 'username': '{{username}}'}, 'testsuit__testcase__scenario__scenario': '用户名和密码均正确', 'testsuit__testcase__scenario__parameter': [{'password': ' sdad@1332'}, {'username': 'admin'}], 'testsuit__testcase__scenario__validator': [{'code': 200}]}]}]
[2021-10-28 12:10:18.782] [DEBUG] 汇总后的全部项目信息为：[{'上海证券交易所': [{'KMS': [{'module': 'KMS', 'class_title': '秘钥管理系统', 'case': 'kms_user_login', 'case_title': 'KMS用户登录', 'case_description': 'KMS用户登录接口，涵盖用户名和用户密码', 'templates_name': 'kms_login_api', 'url': 'http://127.0.1.1:8080/login', 'method': 1, 'header': {'Content-Type': 'application/json'}, 'data': {'check': 1, 'password': '{{password}}', 'username': '{{username}}'}, 'scenarios': [[{'password': 'dsaddddddddd', 'username': 'admin'}, '用户名正确密码错误', {'code': 200, 'result': False, 'message': ' 密码错误'}], [{'password': ' sdad@1332', 'username': 'admin'}, '用户名和密码均正确', {'code': 200}]]}]}]}]
[2021-10-28 12:10:18.782] [DEBUG] [
    {
        "上海证券交易所": [
            {
                "KMS": [
                    {
                        "module": "KMS",
                        "class_title": "秘钥管理系统",
                        "case": "kms_user_login",
                        "case_title": "KMS用户登录",
                        "case_description": "KMS用户登录接口，涵盖用户名和用户密码",
                        "templates_name": "kms_login_api",
                        "url": "http://127.0.1.1:8080/login",
                        "method": 1,
                        "header": {
                            "Content-Type": "application/json"
                        },
                        "data": {
                            "check": 1,
                            "password": "{{password}}",
                            "username": "{{username}}"
                        },
                        "scenarios": [
                            [
                                {
                                    "password": "dsaddddddddd",
                                    "username": "admin"
                                },
                                "用户名正确密码错误",
                                {
                                    "code": 200,
                                    "result": false,
                                    "message": " 密码错误"
                                }
                            ],
                            [
                                {
                                    "password": " sdad@1332",
                                    "username": "admin"
                                },
                                "用户名和密码均正确",
                                {
                                    "code": 200
                                }
                            ]
                        ]
                    }
                ]
            }
        ]
    }
]
[2021-10-28 12:10:21.559] [DEBUG] Start to match permission: <class 'tuple'>
[2021-10-28 12:10:21.583] [INFO] The user is Administrator!
[2021-10-28 12:10:21.663] [DEBUG] Prepare to execute: delete_selected!
[2021-10-28 12:10:21.665] [DEBUG] Prepare to execute: valid_selected!
[2021-10-28 12:10:21.665] [DEBUG] Prepare to execute: invalid_selected!
[2021-10-28 12:10:21.665] [DEBUG] Prepare to execute: model_actions!
[2021-10-28 12:10:21.667] [ERROR] Fail to display the field :[execute]
[2021-10-28 12:10:21.668] [ERROR] Fail to display the field :[expand]
[2021-10-28 12:11:51.025] [DEBUG] Start to match permission: <class 'tuple'>
[2021-10-28 12:11:51.054] [INFO] The user is Administrator!
[2021-10-28 12:11:51.153] [DEBUG] Prepare to execute: delete_selected!
[2021-10-28 12:11:51.153] [DEBUG] Prepare to execute: valid_selected!
[2021-10-28 12:11:51.154] [DEBUG] Prepare to execute: invalid_selected!
[2021-10-28 12:11:51.154] [DEBUG] Prepare to execute: model_actions!
[2021-10-28 12:11:51.156] [ERROR] Fail to display the field :[execute]
[2021-10-28 12:11:51.157] [ERROR] Fail to display the field :[expand]
[2021-10-28 12:11:55.858] [INFO] The execution result is: [SUCCESS|html]
[2021-10-28 12:13:09.823] [INFO] The execution result is: [SUCCESS|C:\Users\lenovo\Desktop\FTP\20211028\20211028121309\ant-html.html]
[2021-10-28 12:22:13.322] [DEBUG] 修剪后的全部项目信息:[{'上海证券交易所': [{'testsuit__module': 'KMS', 'testsuit__class_title': '秘钥管理系统', 'testsuit__testcase__case': 'kms_user_login', 'testsuit__testcase__case_title': 'KMS用户登录', 'testsuit__testcase__case_description': 'KMS用户登录接口，涵盖用户名和用户密码', 'testsuit__testcase__templates__name': 'kms_login_api', 'testsuit__testcase__templates__url': 'http://127.0.1.1:8080/login', 'testsuit__testcase__templates__method': 1, 'testsuit__testcase__templates__header': {'Content-Type': 'application/json'}, 'testsuit__testcase__templates__data': {'check': 1, 'password': '{{password}}', 'username': '{{username}}'}, 'testsuit__testcase__scenario__scenario': '用户名正确密码错误', 'testsuit__testcase__scenario__parameter': [{'password': 'dsaddddddddd'}, {'username': 'admin'}], 'testsuit__testcase__scenario__validator': [{'code': 200}, {'result': False}, {'message': ' 密码错误'}]}, {'testsuit__module': 'KMS', 'testsuit__class_title': '秘钥管理系统', 'testsuit__testcase__case': 'kms_user_login', 'testsuit__testcase__case_title': 'KMS用户登录', 'testsuit__testcase__case_description': 'KMS用户登录接口，涵盖用户名和用户密码', 'testsuit__testcase__templates__name': 'kms_login_api', 'testsuit__testcase__templates__url': 'http://127.0.1.1:8080/login', 'testsuit__testcase__templates__method': 1, 'testsuit__testcase__templates__header': {'Content-Type': 'application/json'}, 'testsuit__testcase__templates__data': {'check': 1, 'password': '{{password}}', 'username': '{{username}}'}, 'testsuit__testcase__scenario__scenario': '用户名和密码均正确', 'testsuit__testcase__scenario__parameter': [{'password': ' sdad@1332'}, {'username': 'admin'}], 'testsuit__testcase__scenario__validator': [{'code': 200}]}]}]
[2021-10-28 12:22:13.324] [DEBUG] 汇总后的全部项目信息为：[{'上海证券交易所': [{'KMS': [{'module': 'KMS', 'class_title': '秘钥管理系统', 'case': 'kms_user_login', 'case_title': 'KMS用户登录', 'case_description': 'KMS用户登录接口，涵盖用户名和用户密码', 'templates_name': 'kms_login_api', 'url': 'http://127.0.1.1:8080/login', 'method': 1, 'header': {'Content-Type': 'application/json'}, 'data': {'check': 1, 'password': '{{password}}', 'username': '{{username}}'}, 'scenarios': [[{'password': 'dsaddddddddd', 'username': 'admin'}, '用户名正确密码错误', {'code': 200, 'result': False, 'message': ' 密码错误'}], [{'password': ' sdad@1332', 'username': 'admin'}, '用户名和密码均正确', {'code': 200}]]}]}]}]
[2021-10-28 12:22:13.324] [DEBUG] [
    {
        "上海证券交易所": [
            {
                "KMS": [
                    {
                        "module": "KMS",
                        "class_title": "秘钥管理系统",
                        "case": "kms_user_login",
                        "case_title": "KMS用户登录",
                        "case_description": "KMS用户登录接口，涵盖用户名和用户密码",
                        "templates_name": "kms_login_api",
                        "url": "http://127.0.1.1:8080/login",
                        "method": 1,
                        "header": {
                            "Content-Type": "application/json"
                        },
                        "data": {
                            "check": 1,
                            "password": "{{password}}",
                            "username": "{{username}}"
                        },
                        "scenarios": [
                            [
                                {
                                    "password": "dsaddddddddd",
                                    "username": "admin"
                                },
                                "用户名正确密码错误",
                                {
                                    "code": 200,
                                    "result": false,
                                    "message": " 密码错误"
                                }
                            ],
                            [
                                {
                                    "password": " sdad@1332",
                                    "username": "admin"
                                },
                                "用户名和密码均正确",
                                {
                                    "code": 200
                                }
                            ]
                        ]
                    }
                ]
            }
        ]
    }
]
[2021-10-28 12:22:15.821] [DEBUG] 修剪后的全部项目信息:[{'上海证券交易所': [{'testsuit__module': 'KMS', 'testsuit__class_title': '秘钥管理系统', 'testsuit__testcase__case': 'kms_user_login', 'testsuit__testcase__case_title': 'KMS用户登录', 'testsuit__testcase__case_description': 'KMS用户登录接口，涵盖用户名和用户密码', 'testsuit__testcase__templates__name': 'kms_login_api', 'testsuit__testcase__templates__url': 'http://127.0.1.1:8080/login', 'testsuit__testcase__templates__method': 1, 'testsuit__testcase__templates__header': {'Content-Type': 'application/json'}, 'testsuit__testcase__templates__data': {'check': 1, 'password': '{{password}}', 'username': '{{username}}'}, 'testsuit__testcase__scenario__scenario': '用户名正确密码错误', 'testsuit__testcase__scenario__parameter': [{'password': 'dsaddddddddd'}, {'username': 'admin'}], 'testsuit__testcase__scenario__validator': [{'code': 200}, {'result': False}, {'message': ' 密码错误'}]}, {'testsuit__module': 'KMS', 'testsuit__class_title': '秘钥管理系统', 'testsuit__testcase__case': 'kms_user_login', 'testsuit__testcase__case_title': 'KMS用户登录', 'testsuit__testcase__case_description': 'KMS用户登录接口，涵盖用户名和用户密码', 'testsuit__testcase__templates__name': 'kms_login_api', 'testsuit__testcase__templates__url': 'http://127.0.1.1:8080/login', 'testsuit__testcase__templates__method': 1, 'testsuit__testcase__templates__header': {'Content-Type': 'application/json'}, 'testsuit__testcase__templates__data': {'check': 1, 'password': '{{password}}', 'username': '{{username}}'}, 'testsuit__testcase__scenario__scenario': '用户名和密码均正确', 'testsuit__testcase__scenario__parameter': [{'password': ' sdad@1332'}, {'username': 'admin'}], 'testsuit__testcase__scenario__validator': [{'code': 200}]}]}]
[2021-10-28 12:22:15.823] [DEBUG] 汇总后的全部项目信息为：[{'上海证券交易所': [{'KMS': [{'module': 'KMS', 'class_title': '秘钥管理系统', 'case': 'kms_user_login', 'case_title': 'KMS用户登录', 'case_description': 'KMS用户登录接口，涵盖用户名和用户密码', 'templates_name': 'kms_login_api', 'url': 'http://127.0.1.1:8080/login', 'method': 1, 'header': {'Content-Type': 'application/json'}, 'data': {'check': 1, 'password': '{{password}}', 'username': '{{username}}'}, 'scenarios': [[{'password': 'dsaddddddddd', 'username': 'admin'}, '用户名正确密码错误', {'code': 200, 'result': False, 'message': ' 密码错误'}], [{'password': ' sdad@1332', 'username': 'admin'}, '用户名和密码均正确', {'code': 200}]]}]}]}]
[2021-10-28 12:22:15.824] [DEBUG] [
    {
        "上海证券交易所": [
            {
                "KMS": [
                    {
                        "module": "KMS",
                        "class_title": "秘钥管理系统",
                        "case": "kms_user_login",
                        "case_title": "KMS用户登录",
                        "case_description": "KMS用户登录接口，涵盖用户名和用户密码",
                        "templates_name": "kms_login_api",
                        "url": "http://127.0.1.1:8080/login",
                        "method": 1,
                        "header": {
                            "Content-Type": "application/json"
                        },
                        "data": {
                            "check": 1,
                            "password": "{{password}}",
                            "username": "{{username}}"
                        },
                        "scenarios": [
                            [
                                {
                                    "password": "dsaddddddddd",
                                    "username": "admin"
                                },
                                "用户名正确密码错误",
                                {
                                    "code": 200,
                                    "result": false,
                                    "message": " 密码错误"
                                }
                            ],
                            [
                                {
                                    "password": " sdad@1332",
                                    "username": "admin"
                                },
                                "用户名和密码均正确",
                                {
                                    "code": 200
                                }
                            ]
                        ]
                    }
                ]
            }
        ]
    }
]
[2021-10-28 12:22:17.502] [DEBUG] Start to match permission: <class 'tuple'>
[2021-10-28 12:22:17.508] [INFO] The user is Administrator!
[2021-10-28 12:22:17.598] [DEBUG] Prepare to execute: delete_selected!
[2021-10-28 12:22:17.598] [DEBUG] Prepare to execute: valid_selected!
[2021-10-28 12:22:17.601] [DEBUG] Prepare to execute: invalid_selected!
[2021-10-28 12:22:17.601] [DEBUG] Prepare to execute: model_actions!
[2021-10-28 12:22:17.603] [ERROR] Fail to display the field :[execute]
[2021-10-28 12:22:17.603] [ERROR] Fail to display the field :[expand]
[2021-10-28 12:22:23.263] [INFO] The execution result is: [SUCCESS|C:\Users\lenovo\Desktop\FTP\20211028\20211028122223\ant-html.html]
[2021-10-28 12:23:19.754] [INFO] The execution result is: [SUCCESS|C:\Users\lenovo\Desktop\FTP\20211028\20211028122319\ant-html.html]
[2021-10-28 12:23:28.438] [DEBUG] 修剪后的全部项目信息:[{'上海证券交易所': [{'testsuit__module': 'KMS', 'testsuit__class_title': '秘钥管理系统', 'testsuit__testcase__case': 'kms_user_login', 'testsuit__testcase__case_title': 'KMS用户登录', 'testsuit__testcase__case_description': 'KMS用户登录接口，涵盖用户名和用户密码', 'testsuit__testcase__templates__name': 'kms_login_api', 'testsuit__testcase__templates__url': 'http://127.0.1.1:8080/login', 'testsuit__testcase__templates__method': 1, 'testsuit__testcase__templates__header': {'Content-Type': 'application/json'}, 'testsuit__testcase__templates__data': {'check': 1, 'password': '{{password}}', 'username': '{{username}}'}, 'testsuit__testcase__scenario__scenario': '用户名正确密码错误', 'testsuit__testcase__scenario__parameter': [{'password': 'dsaddddddddd'}, {'username': 'admin'}], 'testsuit__testcase__scenario__validator': [{'code': 200}, {'result': False}, {'message': ' 密码错误'}]}, {'testsuit__module': 'KMS', 'testsuit__class_title': '秘钥管理系统', 'testsuit__testcase__case': 'kms_user_login', 'testsuit__testcase__case_title': 'KMS用户登录', 'testsuit__testcase__case_description': 'KMS用户登录接口，涵盖用户名和用户密码', 'testsuit__testcase__templates__name': 'kms_login_api', 'testsuit__testcase__templates__url': 'http://127.0.1.1:8080/login', 'testsuit__testcase__templates__method': 1, 'testsuit__testcase__templates__header': {'Content-Type': 'application/json'}, 'testsuit__testcase__templates__data': {'check': 1, 'password': '{{password}}', 'username': '{{username}}'}, 'testsuit__testcase__scenario__scenario': '用户名和密码均正确', 'testsuit__testcase__scenario__parameter': [{'password': ' sdad@1332'}, {'username': 'admin'}], 'testsuit__testcase__scenario__validator': [{'code': 200}]}]}]
[2021-10-28 12:23:28.440] [DEBUG] 汇总后的全部项目信息为：[{'上海证券交易所': [{'KMS': [{'module': 'KMS', 'class_title': '秘钥管理系统', 'case': 'kms_user_login', 'case_title': 'KMS用户登录', 'case_description': 'KMS用户登录接口，涵盖用户名和用户密码', 'templates_name': 'kms_login_api', 'url': 'http://127.0.1.1:8080/login', 'method': 1, 'header': {'Content-Type': 'application/json'}, 'data': {'check': 1, 'password': '{{password}}', 'username': '{{username}}'}, 'scenarios': [[{'password': 'dsaddddddddd', 'username': 'admin'}, '用户名正确密码错误', {'code': 200, 'result': False, 'message': ' 密码错误'}], [{'password': ' sdad@1332', 'username': 'admin'}, '用户名和密码均正确', {'code': 200}]]}]}]}]
[2021-10-28 12:23:28.440] [DEBUG] [
    {
        "上海证券交易所": [
            {
                "KMS": [
                    {
                        "module": "KMS",
                        "class_title": "秘钥管理系统",
                        "case": "kms_user_login",
                        "case_title": "KMS用户登录",
                        "case_description": "KMS用户登录接口，涵盖用户名和用户密码",
                        "templates_name": "kms_login_api",
                        "url": "http://127.0.1.1:8080/login",
                        "method": 1,
                        "header": {
                            "Content-Type": "application/json"
                        },
                        "data": {
                            "check": 1,
                            "password": "{{password}}",
                            "username": "{{username}}"
                        },
                        "scenarios": [
                            [
                                {
                                    "password": "dsaddddddddd",
                                    "username": "admin"
                                },
                                "用户名正确密码错误",
                                {
                                    "code": 200,
                                    "result": false,
                                    "message": " 密码错误"
                                }
                            ],
                            [
                                {
                                    "password": " sdad@1332",
                                    "username": "admin"
                                },
                                "用户名和密码均正确",
                                {
                                    "code": 200
                                }
                            ]
                        ]
                    }
                ]
            }
        ]
    }
]
[2021-10-28 12:23:30.028] [DEBUG] 修剪后的全部项目信息:[{'上海证券交易所': [{'testsuit__module': 'KMS', 'testsuit__class_title': '秘钥管理系统', 'testsuit__testcase__case': 'kms_user_login', 'testsuit__testcase__case_title': 'KMS用户登录', 'testsuit__testcase__case_description': 'KMS用户登录接口，涵盖用户名和用户密码', 'testsuit__testcase__templates__name': 'kms_login_api', 'testsuit__testcase__templates__url': 'http://127.0.1.1:8080/login', 'testsuit__testcase__templates__method': 1, 'testsuit__testcase__templates__header': {'Content-Type': 'application/json'}, 'testsuit__testcase__templates__data': {'check': 1, 'password': '{{password}}', 'username': '{{username}}'}, 'testsuit__testcase__scenario__scenario': '用户名正确密码错误', 'testsuit__testcase__scenario__parameter': [{'password': 'dsaddddddddd'}, {'username': 'admin'}], 'testsuit__testcase__scenario__validator': [{'code': 200}, {'result': False}, {'message': ' 密码错误'}]}, {'testsuit__module': 'KMS', 'testsuit__class_title': '秘钥管理系统', 'testsuit__testcase__case': 'kms_user_login', 'testsuit__testcase__case_title': 'KMS用户登录', 'testsuit__testcase__case_description': 'KMS用户登录接口，涵盖用户名和用户密码', 'testsuit__testcase__templates__name': 'kms_login_api', 'testsuit__testcase__templates__url': 'http://127.0.1.1:8080/login', 'testsuit__testcase__templates__method': 1, 'testsuit__testcase__templates__header': {'Content-Type': 'application/json'}, 'testsuit__testcase__templates__data': {'check': 1, 'password': '{{password}}', 'username': '{{username}}'}, 'testsuit__testcase__scenario__scenario': '用户名和密码均正确', 'testsuit__testcase__scenario__parameter': [{'password': ' sdad@1332'}, {'username': 'admin'}], 'testsuit__testcase__scenario__validator': [{'code': 200}]}]}]
[2021-10-28 12:23:30.032] [DEBUG] 汇总后的全部项目信息为：[{'上海证券交易所': [{'KMS': [{'module': 'KMS', 'class_title': '秘钥管理系统', 'case': 'kms_user_login', 'case_title': 'KMS用户登录', 'case_description': 'KMS用户登录接口，涵盖用户名和用户密码', 'templates_name': 'kms_login_api', 'url': 'http://127.0.1.1:8080/login', 'method': 1, 'header': {'Content-Type': 'application/json'}, 'data': {'check': 1, 'password': '{{password}}', 'username': '{{username}}'}, 'scenarios': [[{'password': 'dsaddddddddd', 'username': 'admin'}, '用户名正确密码错误', {'code': 200, 'result': False, 'message': ' 密码错误'}], [{'password': ' sdad@1332', 'username': 'admin'}, '用户名和密码均正确', {'code': 200}]]}]}]}]
[2021-10-28 12:23:30.032] [DEBUG] [
    {
        "上海证券交易所": [
            {
                "KMS": [
                    {
                        "module": "KMS",
                        "class_title": "秘钥管理系统",
                        "case": "kms_user_login",
                        "case_title": "KMS用户登录",
                        "case_description": "KMS用户登录接口，涵盖用户名和用户密码",
                        "templates_name": "kms_login_api",
                        "url": "http://127.0.1.1:8080/login",
                        "method": 1,
                        "header": {
                            "Content-Type": "application/json"
                        },
                        "data": {
                            "check": 1,
                            "password": "{{password}}",
                            "username": "{{username}}"
                        },
                        "scenarios": [
                            [
                                {
                                    "password": "dsaddddddddd",
                                    "username": "admin"
                                },
                                "用户名正确密码错误",
                                {
                                    "code": 200,
                                    "result": false,
                                    "message": " 密码错误"
                                }
                            ],
                            [
                                {
                                    "password": " sdad@1332",
                                    "username": "admin"
                                },
                                "用户名和密码均正确",
                                {
                                    "code": 200
                                }
                            ]
                        ]
                    }
                ]
            }
        ]
    }
]
[2021-10-28 12:23:31.297] [DEBUG] Start to match permission: <class 'tuple'>
[2021-10-28 12:23:31.304] [INFO] The user is Administrator!
[2021-10-28 12:23:31.400] [DEBUG] Prepare to execute: delete_selected!
[2021-10-28 12:23:31.401] [DEBUG] Prepare to execute: valid_selected!
[2021-10-28 12:23:31.404] [DEBUG] Prepare to execute: invalid_selected!
[2021-10-28 12:23:31.404] [DEBUG] Prepare to execute: model_actions!
[2021-10-28 12:23:31.406] [ERROR] Fail to display the field :[execute]
[2021-10-28 12:23:31.406] [ERROR] Fail to display the field :[expand]
[2021-10-28 12:23:36.530] [INFO] The execution result is: [SUCCESS|C:\Users\lenovo\Desktop\FTP\20211028\20211028122336\ant-html.html]
[2021-10-28 12:26:58.699] [INFO] The execution result is: [SUCCESS|C:\Users\lenovo\Desktop\web-rocker\report\20211028\20211028122658\ant-html.html]
[2021-10-28 12:27:03.026] [INFO] The execution result is: [SUCCESS|C:\Users\lenovo\Desktop\web-rocker\report\20211028\20211028122703\ant-html.html]
[2021-10-28 12:27:06.791] [INFO] The execution result is: [SUCCESS|C:\Users\lenovo\Desktop\web-rocker\report\20211028\20211028122706\ant-html.html]
[2021-10-28 12:27:49.501] [DEBUG] 修剪后的全部项目信息:[{'上海证券交易所': [{'testsuit__module': 'KMS', 'testsuit__class_title': '秘钥管理系统', 'testsuit__testcase__case': 'kms_user_login', 'testsuit__testcase__case_title': 'KMS用户登录', 'testsuit__testcase__case_description': 'KMS用户登录接口，涵盖用户名和用户密码', 'testsuit__testcase__templates__name': 'kms_login_api', 'testsuit__testcase__templates__url': 'http://127.0.1.1:8080/login', 'testsuit__testcase__templates__method': 1, 'testsuit__testcase__templates__header': {'Content-Type': 'application/json'}, 'testsuit__testcase__templates__data': {'check': 1, 'password': '{{password}}', 'username': '{{username}}'}, 'testsuit__testcase__scenario__scenario': '用户名正确密码错误', 'testsuit__testcase__scenario__parameter': [{'password': 'dsaddddddddd'}, {'username': 'admin'}], 'testsuit__testcase__scenario__validator': [{'code': 200}, {'result': False}, {'message': ' 密码错误'}]}, {'testsuit__module': 'KMS', 'testsuit__class_title': '秘钥管理系统', 'testsuit__testcase__case': 'kms_user_login', 'testsuit__testcase__case_title': 'KMS用户登录', 'testsuit__testcase__case_description': 'KMS用户登录接口，涵盖用户名和用户密码', 'testsuit__testcase__templates__name': 'kms_login_api', 'testsuit__testcase__templates__url': 'http://127.0.1.1:8080/login', 'testsuit__testcase__templates__method': 1, 'testsuit__testcase__templates__header': {'Content-Type': 'application/json'}, 'testsuit__testcase__templates__data': {'check': 1, 'password': '{{password}}', 'username': '{{username}}'}, 'testsuit__testcase__scenario__scenario': '用户名和密码均正确', 'testsuit__testcase__scenario__parameter': [{'password': ' sdad@1332'}, {'username': 'admin'}], 'testsuit__testcase__scenario__validator': [{'code': 200}]}]}]
[2021-10-28 12:27:49.502] [DEBUG] 汇总后的全部项目信息为：[{'上海证券交易所': [{'KMS': [{'module': 'KMS', 'class_title': '秘钥管理系统', 'case': 'kms_user_login', 'case_title': 'KMS用户登录', 'case_description': 'KMS用户登录接口，涵盖用户名和用户密码', 'templates_name': 'kms_login_api', 'url': 'http://127.0.1.1:8080/login', 'method': 1, 'header': {'Content-Type': 'application/json'}, 'data': {'check': 1, 'password': '{{password}}', 'username': '{{username}}'}, 'scenarios': [[{'password': 'dsaddddddddd', 'username': 'admin'}, '用户名正确密码错误', {'code': 200, 'result': False, 'message': ' 密码错误'}], [{'password': ' sdad@1332', 'username': 'admin'}, '用户名和密码均正确', {'code': 200}]]}]}]}]
[2021-10-28 12:27:49.503] [DEBUG] [
    {
        "上海证券交易所": [
            {
                "KMS": [
                    {
                        "module": "KMS",
                        "class_title": "秘钥管理系统",
                        "case": "kms_user_login",
                        "case_title": "KMS用户登录",
                        "case_description": "KMS用户登录接口，涵盖用户名和用户密码",
                        "templates_name": "kms_login_api",
                        "url": "http://127.0.1.1:8080/login",
                        "method": 1,
                        "header": {
                            "Content-Type": "application/json"
                        },
                        "data": {
                            "check": 1,
                            "password": "{{password}}",
                            "username": "{{username}}"
                        },
                        "scenarios": [
                            [
                                {
                                    "password": "dsaddddddddd",
                                    "username": "admin"
                                },
                                "用户名正确密码错误",
                                {
                                    "code": 200,
                                    "result": false,
                                    "message": " 密码错误"
                                }
                            ],
                            [
                                {
                                    "password": " sdad@1332",
                                    "username": "admin"
                                },
                                "用户名和密码均正确",
                                {
                                    "code": 200
                                }
                            ]
                        ]
                    }
                ]
            }
        ]
    }
]
[2021-10-28 12:27:51.357] [DEBUG] 修剪后的全部项目信息:[{'上海证券交易所': [{'testsuit__module': 'KMS', 'testsuit__class_title': '秘钥管理系统', 'testsuit__testcase__case': 'kms_user_login', 'testsuit__testcase__case_title': 'KMS用户登录', 'testsuit__testcase__case_description': 'KMS用户登录接口，涵盖用户名和用户密码', 'testsuit__testcase__templates__name': 'kms_login_api', 'testsuit__testcase__templates__url': 'http://127.0.1.1:8080/login', 'testsuit__testcase__templates__method': 1, 'testsuit__testcase__templates__header': {'Content-Type': 'application/json'}, 'testsuit__testcase__templates__data': {'check': 1, 'password': '{{password}}', 'username': '{{username}}'}, 'testsuit__testcase__scenario__scenario': '用户名正确密码错误', 'testsuit__testcase__scenario__parameter': [{'password': 'dsaddddddddd'}, {'username': 'admin'}], 'testsuit__testcase__scenario__validator': [{'code': 200}, {'result': False}, {'message': ' 密码错误'}]}, {'testsuit__module': 'KMS', 'testsuit__class_title': '秘钥管理系统', 'testsuit__testcase__case': 'kms_user_login', 'testsuit__testcase__case_title': 'KMS用户登录', 'testsuit__testcase__case_description': 'KMS用户登录接口，涵盖用户名和用户密码', 'testsuit__testcase__templates__name': 'kms_login_api', 'testsuit__testcase__templates__url': 'http://127.0.1.1:8080/login', 'testsuit__testcase__templates__method': 1, 'testsuit__testcase__templates__header': {'Content-Type': 'application/json'}, 'testsuit__testcase__templates__data': {'check': 1, 'password': '{{password}}', 'username': '{{username}}'}, 'testsuit__testcase__scenario__scenario': '用户名和密码均正确', 'testsuit__testcase__scenario__parameter': [{'password': ' sdad@1332'}, {'username': 'admin'}], 'testsuit__testcase__scenario__validator': [{'code': 200}]}]}]
[2021-10-28 12:27:51.359] [DEBUG] 汇总后的全部项目信息为：[{'上海证券交易所': [{'KMS': [{'module': 'KMS', 'class_title': '秘钥管理系统', 'case': 'kms_user_login', 'case_title': 'KMS用户登录', 'case_description': 'KMS用户登录接口，涵盖用户名和用户密码', 'templates_name': 'kms_login_api', 'url': 'http://127.0.1.1:8080/login', 'method': 1, 'header': {'Content-Type': 'application/json'}, 'data': {'check': 1, 'password': '{{password}}', 'username': '{{username}}'}, 'scenarios': [[{'password': 'dsaddddddddd', 'username': 'admin'}, '用户名正确密码错误', {'code': 200, 'result': False, 'message': ' 密码错误'}], [{'password': ' sdad@1332', 'username': 'admin'}, '用户名和密码均正确', {'code': 200}]]}]}]}]
[2021-10-28 12:27:51.360] [DEBUG] [
    {
        "上海证券交易所": [
            {
                "KMS": [
                    {
                        "module": "KMS",
                        "class_title": "秘钥管理系统",
                        "case": "kms_user_login",
                        "case_title": "KMS用户登录",
                        "case_description": "KMS用户登录接口，涵盖用户名和用户密码",
                        "templates_name": "kms_login_api",
                        "url": "http://127.0.1.1:8080/login",
                        "method": 1,
                        "header": {
                            "Content-Type": "application/json"
                        },
                        "data": {
                            "check": 1,
                            "password": "{{password}}",
                            "username": "{{username}}"
                        },
                        "scenarios": [
                            [
                                {
                                    "password": "dsaddddddddd",
                                    "username": "admin"
                                },
                                "用户名正确密码错误",
                                {
                                    "code": 200,
                                    "result": false,
                                    "message": " 密码错误"
                                }
                            ],
                            [
                                {
                                    "password": " sdad@1332",
                                    "username": "admin"
                                },
                                "用户名和密码均正确",
                                {
                                    "code": 200
                                }
                            ]
                        ]
                    }
                ]
            }
        ]
    }
]
[2021-10-28 12:43:09.587] [DEBUG] 修剪后的全部项目信息:[{'上海证券交易所': [{'testsuit__module': 'KMS', 'testsuit__class_title': '秘钥管理系统', 'testsuit__testcase__case': 'kms_user_login', 'testsuit__testcase__case_title': 'KMS用户登录', 'testsuit__testcase__case_description': 'KMS用户登录接口，涵盖用户名和用户密码', 'testsuit__testcase__templates__name': 'kms_login_api', 'testsuit__testcase__templates__url': 'http://127.0.1.1:8080/login', 'testsuit__testcase__templates__method': 1, 'testsuit__testcase__templates__header': {'Content-Type': 'application/json'}, 'testsuit__testcase__templates__data': {'check': 1, 'password': '{{password}}', 'username': '{{username}}'}, 'testsuit__testcase__scenario__scenario': '用户名正确密码错误', 'testsuit__testcase__scenario__parameter': [{'password': 'dsaddddddddd'}, {'username': 'admin'}], 'testsuit__testcase__scenario__validator': [{'code': 200}, {'result': False}, {'message': ' 密码错误'}]}, {'testsuit__module': 'KMS', 'testsuit__class_title': '秘钥管理系统', 'testsuit__testcase__case': 'kms_user_login', 'testsuit__testcase__case_title': 'KMS用户登录', 'testsuit__testcase__case_description': 'KMS用户登录接口，涵盖用户名和用户密码', 'testsuit__testcase__templates__name': 'kms_login_api', 'testsuit__testcase__templates__url': 'http://127.0.1.1:8080/login', 'testsuit__testcase__templates__method': 1, 'testsuit__testcase__templates__header': {'Content-Type': 'application/json'}, 'testsuit__testcase__templates__data': {'check': 1, 'password': '{{password}}', 'username': '{{username}}'}, 'testsuit__testcase__scenario__scenario': '用户名和密码均正确', 'testsuit__testcase__scenario__parameter': [{'password': ' sdad@1332'}, {'username': 'admin'}], 'testsuit__testcase__scenario__validator': [{'code': 200}]}]}]
[2021-10-28 12:43:09.589] [DEBUG] 汇总后的全部项目信息为：[{'上海证券交易所': [{'KMS': [{'module': 'KMS', 'class_title': '秘钥管理系统', 'case': 'kms_user_login', 'case_title': 'KMS用户登录', 'case_description': 'KMS用户登录接口，涵盖用户名和用户密码', 'templates_name': 'kms_login_api', 'url': 'http://127.0.1.1:8080/login', 'method': 1, 'header': {'Content-Type': 'application/json'}, 'data': {'check': 1, 'password': '{{password}}', 'username': '{{username}}'}, 'scenarios': [[{'password': 'dsaddddddddd', 'username': 'admin'}, '用户名正确密码错误', {'code': 200, 'result': False, 'message': ' 密码错误'}], [{'password': ' sdad@1332', 'username': 'admin'}, '用户名和密码均正确', {'code': 200}]]}]}]}]
[2021-10-28 12:43:09.589] [DEBUG] [
    {
        "上海证券交易所": [
            {
                "KMS": [
                    {
                        "module": "KMS",
                        "class_title": "秘钥管理系统",
                        "case": "kms_user_login",
                        "case_title": "KMS用户登录",
                        "case_description": "KMS用户登录接口，涵盖用户名和用户密码",
                        "templates_name": "kms_login_api",
                        "url": "http://127.0.1.1:8080/login",
                        "method": 1,
                        "header": {
                            "Content-Type": "application/json"
                        },
                        "data": {
                            "check": 1,
                            "password": "{{password}}",
                            "username": "{{username}}"
                        },
                        "scenarios": [
                            [
                                {
                                    "password": "dsaddddddddd",
                                    "username": "admin"
                                },
                                "用户名正确密码错误",
                                {
                                    "code": 200,
                                    "result": false,
                                    "message": " 密码错误"
                                }
                            ],
                            [
                                {
                                    "password": " sdad@1332",
                                    "username": "admin"
                                },
                                "用户名和密码均正确",
                                {
                                    "code": 200
                                }
                            ]
                        ]
                    }
                ]
            }
        ]
    }
]
[2021-10-28 12:43:10.686] [DEBUG] Start to match permission: <class 'tuple'>
[2021-10-28 12:43:10.691] [INFO] The user is Administrator!
[2021-10-28 12:43:10.771] [DEBUG] Prepare to execute: delete_selected!
[2021-10-28 12:43:10.772] [DEBUG] Prepare to execute: valid_selected!
[2021-10-28 12:43:10.773] [DEBUG] Prepare to execute: invalid_selected!
[2021-10-28 12:43:10.774] [DEBUG] Prepare to execute: model_actions!
[2021-10-28 12:43:10.776] [ERROR] Fail to display the field :[execute]
[2021-10-28 12:43:10.777] [ERROR] Fail to display the field :[expand]
[2021-10-28 12:43:15.031] [INFO] The execution result is: [SUCCESS|C:\Users\lenovo\Desktop\FTP\20211028\20211028124315]
[2021-10-28 12:44:32.074] [DEBUG] 修剪后的全部项目信息:[{'上海证券交易所': [{'testsuit__module': 'KMS', 'testsuit__class_title': '秘钥管理系统', 'testsuit__testcase__case': 'kms_user_login', 'testsuit__testcase__case_title': 'KMS用户登录', 'testsuit__testcase__case_description': 'KMS用户登录接口，涵盖用户名和用户密码', 'testsuit__testcase__templates__name': 'kms_login_api', 'testsuit__testcase__templates__url': 'http://127.0.1.1:8080/login', 'testsuit__testcase__templates__method': 1, 'testsuit__testcase__templates__header': {'Content-Type': 'application/json'}, 'testsuit__testcase__templates__data': {'check': 1, 'password': '{{password}}', 'username': '{{username}}'}, 'testsuit__testcase__scenario__scenario': '用户名正确密码错误', 'testsuit__testcase__scenario__parameter': [{'password': 'dsaddddddddd'}, {'username': 'admin'}], 'testsuit__testcase__scenario__validator': [{'code': 200}, {'result': False}, {'message': ' 密码错误'}]}, {'testsuit__module': 'KMS', 'testsuit__class_title': '秘钥管理系统', 'testsuit__testcase__case': 'kms_user_login', 'testsuit__testcase__case_title': 'KMS用户登录', 'testsuit__testcase__case_description': 'KMS用户登录接口，涵盖用户名和用户密码', 'testsuit__testcase__templates__name': 'kms_login_api', 'testsuit__testcase__templates__url': 'http://127.0.1.1:8080/login', 'testsuit__testcase__templates__method': 1, 'testsuit__testcase__templates__header': {'Content-Type': 'application/json'}, 'testsuit__testcase__templates__data': {'check': 1, 'password': '{{password}}', 'username': '{{username}}'}, 'testsuit__testcase__scenario__scenario': '用户名和密码均正确', 'testsuit__testcase__scenario__parameter': [{'password': ' sdad@1332'}, {'username': 'admin'}], 'testsuit__testcase__scenario__validator': [{'code': 200}]}]}]
[2021-10-28 12:44:32.076] [DEBUG] 汇总后的全部项目信息为：[{'上海证券交易所': [{'KMS': [{'module': 'KMS', 'class_title': '秘钥管理系统', 'case': 'kms_user_login', 'case_title': 'KMS用户登录', 'case_description': 'KMS用户登录接口，涵盖用户名和用户密码', 'templates_name': 'kms_login_api', 'url': 'http://127.0.1.1:8080/login', 'method': 1, 'header': {'Content-Type': 'application/json'}, 'data': {'check': 1, 'password': '{{password}}', 'username': '{{username}}'}, 'scenarios': [[{'password': 'dsaddddddddd', 'username': 'admin'}, '用户名正确密码错误', {'code': 200, 'result': False, 'message': ' 密码错误'}], [{'password': ' sdad@1332', 'username': 'admin'}, '用户名和密码均正确', {'code': 200}]]}]}]}]
[2021-10-28 12:44:32.076] [DEBUG] [
    {
        "上海证券交易所": [
            {
                "KMS": [
                    {
                        "module": "KMS",
                        "class_title": "秘钥管理系统",
                        "case": "kms_user_login",
                        "case_title": "KMS用户登录",
                        "case_description": "KMS用户登录接口，涵盖用户名和用户密码",
                        "templates_name": "kms_login_api",
                        "url": "http://127.0.1.1:8080/login",
                        "method": 1,
                        "header": {
                            "Content-Type": "application/json"
                        },
                        "data": {
                            "check": 1,
                            "password": "{{password}}",
                            "username": "{{username}}"
                        },
                        "scenarios": [
                            [
                                {
                                    "password": "dsaddddddddd",
                                    "username": "admin"
                                },
                                "用户名正确密码错误",
                                {
                                    "code": 200,
                                    "result": false,
                                    "message": " 密码错误"
                                }
                            ],
                            [
                                {
                                    "password": " sdad@1332",
                                    "username": "admin"
                                },
                                "用户名和密码均正确",
                                {
                                    "code": 200
                                }
                            ]
                        ]
                    }
                ]
            }
        ]
    }
]
[2021-10-28 12:44:33.076] [DEBUG] Start to match permission: <class 'tuple'>
[2021-10-28 12:44:33.101] [INFO] The user is Administrator!
[2021-10-28 12:44:33.190] [DEBUG] Prepare to execute: delete_selected!
[2021-10-28 12:44:33.191] [DEBUG] Prepare to execute: valid_selected!
[2021-10-28 12:44:33.191] [DEBUG] Prepare to execute: invalid_selected!
[2021-10-28 12:44:33.191] [DEBUG] Prepare to execute: model_actions!
[2021-10-28 12:44:33.193] [ERROR] Fail to display the field :[execute]
[2021-10-28 12:44:33.194] [ERROR] Fail to display the field :[expand]
[2021-10-28 12:44:41.006] [INFO] The execution result is: [SUCCESS|C:\Users\lenovo\Desktop\FTP\20211028\20211028124441]
[2021-10-28 12:51:35.314] [DEBUG] 修剪后的全部项目信息:[{'上海证券交易所': [{'testsuit__module': 'KMS', 'testsuit__class_title': '秘钥管理系统', 'testsuit__testcase__case': 'kms_user_login', 'testsuit__testcase__case_title': 'KMS用户登录', 'testsuit__testcase__case_description': 'KMS用户登录接口，涵盖用户名和用户密码', 'testsuit__testcase__templates__name': 'kms_login_api', 'testsuit__testcase__templates__url': 'http://127.0.1.1:8080/login', 'testsuit__testcase__templates__method': 1, 'testsuit__testcase__templates__header': {'Content-Type': 'application/json'}, 'testsuit__testcase__templates__data': {'check': 1, 'password': '{{password}}', 'username': '{{username}}'}, 'testsuit__testcase__scenario__scenario': '用户名正确密码错误', 'testsuit__testcase__scenario__parameter': [{'password': 'dsaddddddddd'}, {'username': 'admin'}], 'testsuit__testcase__scenario__validator': [{'code': 200}, {'result': False}, {'message': ' 密码错误'}]}, {'testsuit__module': 'KMS', 'testsuit__class_title': '秘钥管理系统', 'testsuit__testcase__case': 'kms_user_login', 'testsuit__testcase__case_title': 'KMS用户登录', 'testsuit__testcase__case_description': 'KMS用户登录接口，涵盖用户名和用户密码', 'testsuit__testcase__templates__name': 'kms_login_api', 'testsuit__testcase__templates__url': 'http://127.0.1.1:8080/login', 'testsuit__testcase__templates__method': 1, 'testsuit__testcase__templates__header': {'Content-Type': 'application/json'}, 'testsuit__testcase__templates__data': {'check': 1, 'password': '{{password}}', 'username': '{{username}}'}, 'testsuit__testcase__scenario__scenario': '用户名和密码均正确', 'testsuit__testcase__scenario__parameter': [{'password': ' sdad@1332'}, {'username': 'admin'}], 'testsuit__testcase__scenario__validator': [{'code': 200}]}]}]
[2021-10-28 12:51:35.315] [DEBUG] 汇总后的全部项目信息为：[{'上海证券交易所': [{'KMS': [{'module': 'KMS', 'class_title': '秘钥管理系统', 'case': 'kms_user_login', 'case_title': 'KMS用户登录', 'case_description': 'KMS用户登录接口，涵盖用户名和用户密码', 'templates_name': 'kms_login_api', 'url': 'http://127.0.1.1:8080/login', 'method': 1, 'header': {'Content-Type': 'application/json'}, 'data': {'check': 1, 'password': '{{password}}', 'username': '{{username}}'}, 'scenarios': [[{'password': 'dsaddddddddd', 'username': 'admin'}, '用户名正确密码错误', {'code': 200, 'result': False, 'message': ' 密码错误'}], [{'password': ' sdad@1332', 'username': 'admin'}, '用户名和密码均正确', {'code': 200}]]}]}]}]
[2021-10-28 12:51:35.316] [DEBUG] [
    {
        "上海证券交易所": [
            {
                "KMS": [
                    {
                        "module": "KMS",
                        "class_title": "秘钥管理系统",
                        "case": "kms_user_login",
                        "case_title": "KMS用户登录",
                        "case_description": "KMS用户登录接口，涵盖用户名和用户密码",
                        "templates_name": "kms_login_api",
                        "url": "http://127.0.1.1:8080/login",
                        "method": 1,
                        "header": {
                            "Content-Type": "application/json"
                        },
                        "data": {
                            "check": 1,
                            "password": "{{password}}",
                            "username": "{{username}}"
                        },
                        "scenarios": [
                            [
                                {
                                    "password": "dsaddddddddd",
                                    "username": "admin"
                                },
                                "用户名正确密码错误",
                                {
                                    "code": 200,
                                    "result": false,
                                    "message": " 密码错误"
                                }
                            ],
                            [
                                {
                                    "password": " sdad@1332",
                                    "username": "admin"
                                },
                                "用户名和密码均正确",
                                {
                                    "code": 200
                                }
                            ]
                        ]
                    }
                ]
            }
        ]
    }
]
[2021-10-28 12:51:36.524] [DEBUG] Start to match permission: <class 'tuple'>
[2021-10-28 12:51:36.547] [INFO] The user is Administrator!
[2021-10-28 12:51:36.628] [DEBUG] Prepare to execute: delete_selected!
[2021-10-28 12:51:36.628] [DEBUG] Prepare to execute: valid_selected!
[2021-10-28 12:51:36.629] [DEBUG] Prepare to execute: invalid_selected!
[2021-10-28 12:51:36.629] [DEBUG] Prepare to execute: model_actions!
[2021-10-28 12:51:36.631] [ERROR] Fail to display the field :[execute]
[2021-10-28 12:51:36.631] [ERROR] Fail to display the field :[expand]
[2021-10-28 12:51:38.461] [DEBUG] Start to match permission: <class 'tuple'>
[2021-10-28 12:51:38.478] [INFO] The user is Administrator!
[2021-10-28 12:51:38.559] [DEBUG] Prepare to execute: delete_selected!
[2021-10-28 12:51:38.559] [DEBUG] Prepare to execute: valid_selected!
[2021-10-28 12:51:38.559] [DEBUG] Prepare to execute: invalid_selected!
[2021-10-28 12:51:38.559] [DEBUG] Prepare to execute: model_actions!
[2021-10-28 12:51:38.561] [ERROR] Fail to display the field :[execute]
[2021-10-28 12:51:38.561] [ERROR] Fail to display the field :[expand]
[2021-10-28 12:51:43.718] [INFO] The execution result is: [SUCCESS|C:\Users\lenovo\Desktop\FTP\20211028\20211028125143]
[2021-10-28 12:52:14.224] [DEBUG] Start to match permission: <class 'tuple'>
[2021-10-28 12:52:14.240] [INFO] The user is Administrator!
[2021-10-28 12:52:14.353] [DEBUG] Prepare to execute: delete_selected!
[2021-10-28 12:52:14.354] [DEBUG] Prepare to execute: valid_selected!
[2021-10-28 12:52:14.354] [DEBUG] Prepare to execute: invalid_selected!
[2021-10-28 12:52:14.354] [DEBUG] Prepare to execute: model_actions!
[2021-10-28 12:52:14.356] [ERROR] Fail to display the field :[execute]
[2021-10-28 12:52:14.357] [ERROR] Fail to display the field :[expand]
[2021-10-28 12:52:19.668] [INFO] The execution result is: [SUCCESS|C:\Users\lenovo\Desktop\FTP\20211028\20211028125219]
[2021-10-28 12:52:46.250] [DEBUG] 修剪后的全部项目信息:[{'上海证券交易所': [{'testsuit__module': 'KMS', 'testsuit__class_title': '秘钥管理系统', 'testsuit__testcase__case': 'kms_user_login', 'testsuit__testcase__case_title': 'KMS用户登录', 'testsuit__testcase__case_description': 'KMS用户登录接口，涵盖用户名和用户密码', 'testsuit__testcase__templates__name': 'kms_login_api', 'testsuit__testcase__templates__url': 'http://127.0.1.1:8080/login', 'testsuit__testcase__templates__method': 1, 'testsuit__testcase__templates__header': {'Content-Type': 'application/json'}, 'testsuit__testcase__templates__data': {'check': 1, 'password': '{{password}}', 'username': '{{username}}'}, 'testsuit__testcase__scenario__scenario': '用户名正确密码错误', 'testsuit__testcase__scenario__parameter': [{'password': 'dsaddddddddd'}, {'username': 'admin'}], 'testsuit__testcase__scenario__validator': [{'code': 200}, {'result': False}, {'message': ' 密码错误'}]}, {'testsuit__module': 'KMS', 'testsuit__class_title': '秘钥管理系统', 'testsuit__testcase__case': 'kms_user_login', 'testsuit__testcase__case_title': 'KMS用户登录', 'testsuit__testcase__case_description': 'KMS用户登录接口，涵盖用户名和用户密码', 'testsuit__testcase__templates__name': 'kms_login_api', 'testsuit__testcase__templates__url': 'http://127.0.1.1:8080/login', 'testsuit__testcase__templates__method': 1, 'testsuit__testcase__templates__header': {'Content-Type': 'application/json'}, 'testsuit__testcase__templates__data': {'check': 1, 'password': '{{password}}', 'username': '{{username}}'}, 'testsuit__testcase__scenario__scenario': '用户名和密码均正确', 'testsuit__testcase__scenario__parameter': [{'password': ' sdad@1332'}, {'username': 'admin'}], 'testsuit__testcase__scenario__validator': [{'code': 200}]}]}]
[2021-10-28 12:52:46.251] [DEBUG] 汇总后的全部项目信息为：[{'上海证券交易所': [{'KMS': [{'module': 'KMS', 'class_title': '秘钥管理系统', 'case': 'kms_user_login', 'case_title': 'KMS用户登录', 'case_description': 'KMS用户登录接口，涵盖用户名和用户密码', 'templates_name': 'kms_login_api', 'url': 'http://127.0.1.1:8080/login', 'method': 1, 'header': {'Content-Type': 'application/json'}, 'data': {'check': 1, 'password': '{{password}}', 'username': '{{username}}'}, 'scenarios': [[{'password': 'dsaddddddddd', 'username': 'admin'}, '用户名正确密码错误', {'code': 200, 'result': False, 'message': ' 密码错误'}], [{'password': ' sdad@1332', 'username': 'admin'}, '用户名和密码均正确', {'code': 200}]]}]}]}]
[2021-10-28 12:52:46.251] [DEBUG] [
    {
        "上海证券交易所": [
            {
                "KMS": [
                    {
                        "module": "KMS",
                        "class_title": "秘钥管理系统",
                        "case": "kms_user_login",
                        "case_title": "KMS用户登录",
                        "case_description": "KMS用户登录接口，涵盖用户名和用户密码",
                        "templates_name": "kms_login_api",
                        "url": "http://127.0.1.1:8080/login",
                        "method": 1,
                        "header": {
                            "Content-Type": "application/json"
                        },
                        "data": {
                            "check": 1,
                            "password": "{{password}}",
                            "username": "{{username}}"
                        },
                        "scenarios": [
                            [
                                {
                                    "password": "dsaddddddddd",
                                    "username": "admin"
                                },
                                "用户名正确密码错误",
                                {
                                    "code": 200,
                                    "result": false,
                                    "message": " 密码错误"
                                }
                            ],
                            [
                                {
                                    "password": " sdad@1332",
                                    "username": "admin"
                                },
                                "用户名和密码均正确",
                                {
                                    "code": 200
                                }
                            ]
                        ]
                    }
                ]
            }
        ]
    }
]
[2021-10-28 12:52:49.196] [DEBUG] Start to match permission: <class 'tuple'>
[2021-10-28 12:52:49.203] [INFO] The user is Administrator!
[2021-10-28 12:52:49.294] [DEBUG] Prepare to execute: delete_selected!
[2021-10-28 12:52:49.295] [DEBUG] Prepare to execute: valid_selected!
[2021-10-28 12:52:49.295] [DEBUG] Prepare to execute: invalid_selected!
[2021-10-28 12:52:49.295] [DEBUG] Prepare to execute: model_actions!
[2021-10-28 12:52:49.297] [ERROR] Fail to display the field :[execute]
[2021-10-28 12:52:49.297] [ERROR] Fail to display the field :[expand]
[2021-10-28 12:52:55.512] [INFO] The execution result is: [SUCCESS|C:\Users\lenovo\Desktop\FTP\20211028\20211028125255]
[2021-10-28 12:56:33.748] [DEBUG] 修剪后的全部项目信息:[{'上海证券交易所': [{'testsuit__module': 'KMS', 'testsuit__class_title': '秘钥管理系统', 'testsuit__testcase__case': 'kms_user_login', 'testsuit__testcase__case_title': 'KMS用户登录', 'testsuit__testcase__case_description': 'KMS用户登录接口，涵盖用户名和用户密码', 'testsuit__testcase__templates__name': 'kms_login_api', 'testsuit__testcase__templates__url': 'http://127.0.1.1:8080/login', 'testsuit__testcase__templates__method': 1, 'testsuit__testcase__templates__header': {'Content-Type': 'application/json'}, 'testsuit__testcase__templates__data': {'check': 1, 'password': '{{password}}', 'username': '{{username}}'}, 'testsuit__testcase__scenario__scenario': '用户名正确密码错误', 'testsuit__testcase__scenario__parameter': [{'password': 'dsaddddddddd'}, {'username': 'admin'}], 'testsuit__testcase__scenario__validator': [{'code': 200}, {'result': False}, {'message': ' 密码错误'}]}, {'testsuit__module': 'KMS', 'testsuit__class_title': '秘钥管理系统', 'testsuit__testcase__case': 'kms_user_login', 'testsuit__testcase__case_title': 'KMS用户登录', 'testsuit__testcase__case_description': 'KMS用户登录接口，涵盖用户名和用户密码', 'testsuit__testcase__templates__name': 'kms_login_api', 'testsuit__testcase__templates__url': 'http://127.0.1.1:8080/login', 'testsuit__testcase__templates__method': 1, 'testsuit__testcase__templates__header': {'Content-Type': 'application/json'}, 'testsuit__testcase__templates__data': {'check': 1, 'password': '{{password}}', 'username': '{{username}}'}, 'testsuit__testcase__scenario__scenario': '用户名和密码均正确', 'testsuit__testcase__scenario__parameter': [{'password': ' sdad@1332'}, {'username': 'admin'}], 'testsuit__testcase__scenario__validator': [{'code': 200}]}]}]
[2021-10-28 12:56:33.749] [DEBUG] 汇总后的全部项目信息为：[{'上海证券交易所': [{'KMS': [{'module': 'KMS', 'class_title': '秘钥管理系统', 'case': 'kms_user_login', 'case_title': 'KMS用户登录', 'case_description': 'KMS用户登录接口，涵盖用户名和用户密码', 'templates_name': 'kms_login_api', 'url': 'http://127.0.1.1:8080/login', 'method': 1, 'header': {'Content-Type': 'application/json'}, 'data': {'check': 1, 'password': '{{password}}', 'username': '{{username}}'}, 'scenarios': [[{'password': 'dsaddddddddd', 'username': 'admin'}, '用户名正确密码错误', {'code': 200, 'result': False, 'message': ' 密码错误'}], [{'password': ' sdad@1332', 'username': 'admin'}, '用户名和密码均正确', {'code': 200}]]}]}]}]
[2021-10-28 12:56:33.749] [DEBUG] [
    {
        "上海证券交易所": [
            {
                "KMS": [
                    {
                        "module": "KMS",
                        "class_title": "秘钥管理系统",
                        "case": "kms_user_login",
                        "case_title": "KMS用户登录",
                        "case_description": "KMS用户登录接口，涵盖用户名和用户密码",
                        "templates_name": "kms_login_api",
                        "url": "http://127.0.1.1:8080/login",
                        "method": 1,
                        "header": {
                            "Content-Type": "application/json"
                        },
                        "data": {
                            "check": 1,
                            "password": "{{password}}",
                            "username": "{{username}}"
                        },
                        "scenarios": [
                            [
                                {
                                    "password": "dsaddddddddd",
                                    "username": "admin"
                                },
                                "用户名正确密码错误",
                                {
                                    "code": 200,
                                    "result": false,
                                    "message": " 密码错误"
                                }
                            ],
                            [
                                {
                                    "password": " sdad@1332",
                                    "username": "admin"
                                },
                                "用户名和密码均正确",
                                {
                                    "code": 200
                                }
                            ]
                        ]
                    }
                ]
            }
        ]
    }
]
[2021-10-28 12:56:34.918] [DEBUG] Start to match permission: <class 'tuple'>
[2021-10-28 12:56:34.935] [INFO] The user is Administrator!
[2021-10-28 12:56:35.020] [DEBUG] Prepare to execute: delete_selected!
[2021-10-28 12:56:35.021] [DEBUG] Prepare to execute: valid_selected!
[2021-10-28 12:56:35.021] [DEBUG] Prepare to execute: invalid_selected!
[2021-10-28 12:56:35.021] [DEBUG] Prepare to execute: model_actions!
[2021-10-28 12:56:35.023] [ERROR] Fail to display the field :[execute]
[2021-10-28 12:56:35.023] [ERROR] Fail to display the field :[expand]
[2021-10-28 12:56:40.451] [INFO] The execution result is: [SUCCESS|C:\Users\lenovo\Desktop\FTP\20211028\20211028125640]
[2021-10-28 12:58:21.930] [DEBUG] 修剪后的全部项目信息:[{'上海证券交易所': [{'testsuit__module': 'KMS', 'testsuit__class_title': '秘钥管理系统', 'testsuit__testcase__case': 'kms_user_login', 'testsuit__testcase__case_title': 'KMS用户登录', 'testsuit__testcase__case_description': 'KMS用户登录接口，涵盖用户名和用户密码', 'testsuit__testcase__templates__name': 'kms_login_api', 'testsuit__testcase__templates__url': 'http://127.0.1.1:8080/login', 'testsuit__testcase__templates__method': 1, 'testsuit__testcase__templates__header': {'Content-Type': 'application/json'}, 'testsuit__testcase__templates__data': {'check': 1, 'password': '{{password}}', 'username': '{{username}}'}, 'testsuit__testcase__scenario__scenario': '用户名正确密码错误', 'testsuit__testcase__scenario__parameter': [{'password': 'dsaddddddddd'}, {'username': 'admin'}], 'testsuit__testcase__scenario__validator': [{'code': 200}, {'result': False}, {'message': ' 密码错误'}]}, {'testsuit__module': 'KMS', 'testsuit__class_title': '秘钥管理系统', 'testsuit__testcase__case': 'kms_user_login', 'testsuit__testcase__case_title': 'KMS用户登录', 'testsuit__testcase__case_description': 'KMS用户登录接口，涵盖用户名和用户密码', 'testsuit__testcase__templates__name': 'kms_login_api', 'testsuit__testcase__templates__url': 'http://127.0.1.1:8080/login', 'testsuit__testcase__templates__method': 1, 'testsuit__testcase__templates__header': {'Content-Type': 'application/json'}, 'testsuit__testcase__templates__data': {'check': 1, 'password': '{{password}}', 'username': '{{username}}'}, 'testsuit__testcase__scenario__scenario': '用户名和密码均正确', 'testsuit__testcase__scenario__parameter': [{'password': ' sdad@1332'}, {'username': 'admin'}], 'testsuit__testcase__scenario__validator': [{'code': 200}]}]}]
[2021-10-28 12:58:21.932] [DEBUG] 汇总后的全部项目信息为：[{'上海证券交易所': [{'KMS': [{'module': 'KMS', 'class_title': '秘钥管理系统', 'case': 'kms_user_login', 'case_title': 'KMS用户登录', 'case_description': 'KMS用户登录接口，涵盖用户名和用户密码', 'templates_name': 'kms_login_api', 'url': 'http://127.0.1.1:8080/login', 'method': 1, 'header': {'Content-Type': 'application/json'}, 'data': {'check': 1, 'password': '{{password}}', 'username': '{{username}}'}, 'scenarios': [[{'password': 'dsaddddddddd', 'username': 'admin'}, '用户名正确密码错误', {'code': 200, 'result': False, 'message': ' 密码错误'}], [{'password': ' sdad@1332', 'username': 'admin'}, '用户名和密码均正确', {'code': 200}]]}]}]}]
[2021-10-28 12:58:21.932] [DEBUG] [
    {
        "上海证券交易所": [
            {
                "KMS": [
                    {
                        "module": "KMS",
                        "class_title": "秘钥管理系统",
                        "case": "kms_user_login",
                        "case_title": "KMS用户登录",
                        "case_description": "KMS用户登录接口，涵盖用户名和用户密码",
                        "templates_name": "kms_login_api",
                        "url": "http://127.0.1.1:8080/login",
                        "method": 1,
                        "header": {
                            "Content-Type": "application/json"
                        },
                        "data": {
                            "check": 1,
                            "password": "{{password}}",
                            "username": "{{username}}"
                        },
                        "scenarios": [
                            [
                                {
                                    "password": "dsaddddddddd",
                                    "username": "admin"
                                },
                                "用户名正确密码错误",
                                {
                                    "code": 200,
                                    "result": false,
                                    "message": " 密码错误"
                                }
                            ],
                            [
                                {
                                    "password": " sdad@1332",
                                    "username": "admin"
                                },
                                "用户名和密码均正确",
                                {
                                    "code": 200
                                }
                            ]
                        ]
                    }
                ]
            }
        ]
    }
]
[2021-10-28 12:58:23.643] [DEBUG] Start to match permission: <class 'tuple'>
[2021-10-28 12:58:23.664] [INFO] The user is Administrator!
[2021-10-28 12:58:23.753] [DEBUG] Prepare to execute: delete_selected!
[2021-10-28 12:58:23.754] [DEBUG] Prepare to execute: valid_selected!
[2021-10-28 12:58:23.756] [DEBUG] Prepare to execute: invalid_selected!
[2021-10-28 12:58:23.757] [DEBUG] Prepare to execute: model_actions!
[2021-10-28 12:58:23.759] [ERROR] Fail to display the field :[execute]
[2021-10-28 12:58:23.759] [ERROR] Fail to display the field :[expand]
[2021-10-28 12:58:32.389] [INFO] The execution result is: [SUCCESS|C:\Users\lenovo\Desktop\FTP\20211028\20211028125832]
[2021-10-28 13:01:07.235] [DEBUG] 修剪后的全部项目信息:[{'上海证券交易所': [{'testsuit__module': 'KMS', 'testsuit__class_title': '秘钥管理系统', 'testsuit__testcase__case': 'kms_user_login', 'testsuit__testcase__case_title': 'KMS用户登录', 'testsuit__testcase__case_description': 'KMS用户登录接口，涵盖用户名和用户密码', 'testsuit__testcase__templates__name': 'kms_login_api', 'testsuit__testcase__templates__url': 'http://127.0.1.1:8080/login', 'testsuit__testcase__templates__method': 1, 'testsuit__testcase__templates__header': {'Content-Type': 'application/json'}, 'testsuit__testcase__templates__data': {'check': 1, 'password': '{{password}}', 'username': '{{username}}'}, 'testsuit__testcase__scenario__scenario': '用户名正确密码错误', 'testsuit__testcase__scenario__parameter': [{'password': 'dsaddddddddd'}, {'username': 'admin'}], 'testsuit__testcase__scenario__validator': [{'code': 200}, {'result': False}, {'message': ' 密码错误'}]}, {'testsuit__module': 'KMS', 'testsuit__class_title': '秘钥管理系统', 'testsuit__testcase__case': 'kms_user_login', 'testsuit__testcase__case_title': 'KMS用户登录', 'testsuit__testcase__case_description': 'KMS用户登录接口，涵盖用户名和用户密码', 'testsuit__testcase__templates__name': 'kms_login_api', 'testsuit__testcase__templates__url': 'http://127.0.1.1:8080/login', 'testsuit__testcase__templates__method': 1, 'testsuit__testcase__templates__header': {'Content-Type': 'application/json'}, 'testsuit__testcase__templates__data': {'check': 1, 'password': '{{password}}', 'username': '{{username}}'}, 'testsuit__testcase__scenario__scenario': '用户名和密码均正确', 'testsuit__testcase__scenario__parameter': [{'password': ' sdad@1332'}, {'username': 'admin'}], 'testsuit__testcase__scenario__validator': [{'code': 200}]}]}]
[2021-10-28 13:01:07.236] [DEBUG] 汇总后的全部项目信息为：[{'上海证券交易所': [{'KMS': [{'module': 'KMS', 'class_title': '秘钥管理系统', 'case': 'kms_user_login', 'case_title': 'KMS用户登录', 'case_description': 'KMS用户登录接口，涵盖用户名和用户密码', 'templates_name': 'kms_login_api', 'url': 'http://127.0.1.1:8080/login', 'method': 1, 'header': {'Content-Type': 'application/json'}, 'data': {'check': 1, 'password': '{{password}}', 'username': '{{username}}'}, 'scenarios': [[{'password': 'dsaddddddddd', 'username': 'admin'}, '用户名正确密码错误', {'code': 200, 'result': False, 'message': ' 密码错误'}], [{'password': ' sdad@1332', 'username': 'admin'}, '用户名和密码均正确', {'code': 200}]]}]}]}]
[2021-10-28 13:01:07.236] [DEBUG] [
    {
        "上海证券交易所": [
            {
                "KMS": [
                    {
                        "module": "KMS",
                        "class_title": "秘钥管理系统",
                        "case": "kms_user_login",
                        "case_title": "KMS用户登录",
                        "case_description": "KMS用户登录接口，涵盖用户名和用户密码",
                        "templates_name": "kms_login_api",
                        "url": "http://127.0.1.1:8080/login",
                        "method": 1,
                        "header": {
                            "Content-Type": "application/json"
                        },
                        "data": {
                            "check": 1,
                            "password": "{{password}}",
                            "username": "{{username}}"
                        },
                        "scenarios": [
                            [
                                {
                                    "password": "dsaddddddddd",
                                    "username": "admin"
                                },
                                "用户名正确密码错误",
                                {
                                    "code": 200,
                                    "result": false,
                                    "message": " 密码错误"
                                }
                            ],
                            [
                                {
                                    "password": " sdad@1332",
                                    "username": "admin"
                                },
                                "用户名和密码均正确",
                                {
                                    "code": 200
                                }
                            ]
                        ]
                    }
                ]
            }
        ]
    }
]
[2021-10-28 13:01:08.716] [DEBUG] Start to match permission: <class 'tuple'>
[2021-10-28 13:01:08.723] [INFO] The user is Administrator!
[2021-10-28 13:01:08.809] [DEBUG] Prepare to execute: delete_selected!
[2021-10-28 13:01:08.809] [DEBUG] Prepare to execute: valid_selected!
[2021-10-28 13:01:08.810] [DEBUG] Prepare to execute: invalid_selected!
[2021-10-28 13:01:08.810] [DEBUG] Prepare to execute: model_actions!
[2021-10-28 13:01:08.811] [ERROR] Fail to display the field :[execute]
[2021-10-28 13:01:08.811] [ERROR] Fail to display the field :[expand]
[2021-10-28 13:01:14.162] [INFO] The execution result is: [SUCCESS|C:\Users\lenovo\Desktop\FTP\20211028\20211028130114]
[2021-10-28 13:07:19.212] [DEBUG] 修剪后的全部项目信息:[{'上海证券交易所': [{'testsuit__module': 'KMS', 'testsuit__class_title': '秘钥管理系统', 'testsuit__testcase__case': 'kms_user_login', 'testsuit__testcase__case_title': 'KMS用户登录', 'testsuit__testcase__case_description': 'KMS用户登录接口，涵盖用户名和用户密码', 'testsuit__testcase__templates__name': 'kms_login_api', 'testsuit__testcase__templates__url': 'http://127.0.1.1:8080/login', 'testsuit__testcase__templates__method': 1, 'testsuit__testcase__templates__header': {'Content-Type': 'application/json'}, 'testsuit__testcase__templates__data': {'check': 1, 'password': '{{password}}', 'username': '{{username}}'}, 'testsuit__testcase__scenario__scenario': '用户名正确密码错误', 'testsuit__testcase__scenario__parameter': [{'password': 'dsaddddddddd'}, {'username': 'admin'}], 'testsuit__testcase__scenario__validator': [{'code': 200}, {'result': False}, {'message': ' 密码错误'}]}, {'testsuit__module': 'KMS', 'testsuit__class_title': '秘钥管理系统', 'testsuit__testcase__case': 'kms_user_login', 'testsuit__testcase__case_title': 'KMS用户登录', 'testsuit__testcase__case_description': 'KMS用户登录接口，涵盖用户名和用户密码', 'testsuit__testcase__templates__name': 'kms_login_api', 'testsuit__testcase__templates__url': 'http://127.0.1.1:8080/login', 'testsuit__testcase__templates__method': 1, 'testsuit__testcase__templates__header': {'Content-Type': 'application/json'}, 'testsuit__testcase__templates__data': {'check': 1, 'password': '{{password}}', 'username': '{{username}}'}, 'testsuit__testcase__scenario__scenario': '用户名和密码均正确', 'testsuit__testcase__scenario__parameter': [{'password': ' sdad@1332'}, {'username': 'admin'}], 'testsuit__testcase__scenario__validator': [{'code': 200}]}]}]
[2021-10-28 13:07:19.213] [DEBUG] 汇总后的全部项目信息为：[{'上海证券交易所': [{'KMS': [{'module': 'KMS', 'class_title': '秘钥管理系统', 'case': 'kms_user_login', 'case_title': 'KMS用户登录', 'case_description': 'KMS用户登录接口，涵盖用户名和用户密码', 'templates_name': 'kms_login_api', 'url': 'http://127.0.1.1:8080/login', 'method': 1, 'header': {'Content-Type': 'application/json'}, 'data': {'check': 1, 'password': '{{password}}', 'username': '{{username}}'}, 'scenarios': [[{'password': 'dsaddddddddd', 'username': 'admin'}, '用户名正确密码错误', {'code': 200, 'result': False, 'message': ' 密码错误'}], [{'password': ' sdad@1332', 'username': 'admin'}, '用户名和密码均正确', {'code': 200}]]}]}]}]
[2021-10-28 13:07:19.214] [DEBUG] [
    {
        "上海证券交易所": [
            {
                "KMS": [
                    {
                        "module": "KMS",
                        "class_title": "秘钥管理系统",
                        "case": "kms_user_login",
                        "case_title": "KMS用户登录",
                        "case_description": "KMS用户登录接口，涵盖用户名和用户密码",
                        "templates_name": "kms_login_api",
                        "url": "http://127.0.1.1:8080/login",
                        "method": 1,
                        "header": {
                            "Content-Type": "application/json"
                        },
                        "data": {
                            "check": 1,
                            "password": "{{password}}",
                            "username": "{{username}}"
                        },
                        "scenarios": [
                            [
                                {
                                    "password": "dsaddddddddd",
                                    "username": "admin"
                                },
                                "用户名正确密码错误",
                                {
                                    "code": 200,
                                    "result": false,
                                    "message": " 密码错误"
                                }
                            ],
                            [
                                {
                                    "password": " sdad@1332",
                                    "username": "admin"
                                },
                                "用户名和密码均正确",
                                {
                                    "code": 200
                                }
                            ]
                        ]
                    }
                ]
            }
        ]
    }
]
[2021-10-28 13:07:49.621] [DEBUG] Prepare to compare 2 sets of data: [{'www': 111}, {'www': 111}]
[2021-10-28 13:07:49.621] [DEBUG] The count of public keys is [1] and content is : ['www']
[2021-10-28 13:07:49.923] [DEBUG] {
    "code": "10010",
    "message": "响应成功",
    "success": true,
    "result": {
        "data": "\\static\\compare\\两组数据对比结果.html"
    }
}
